#
# A fatal error has been detected by the Java Runtime Environment:
#
#  EXCEPTION_ACCESS_VIOLATION (0xc0000005) at pc=0x00000000704f8f25, pid=5480, tid=0x00000000000013e4
#
# JRE version: Java(TM) SE Runtime Environment (8.0_121-b13) (build 1.8.0_121-b13)
# Java VM: Java HotSpot(TM) 64-Bit Server VM (25.121-b13 mixed mode windows-amd64 compressed oops)
# Problematic frame:
# V  [jvm.dll+0x108f25]
#
# Failed to write core dump. Minidumps are not enabled by default on client versions of Windows
#
# If you would like to submit a bug report, please visit:
#   http://bugreport.java.com/bugreport/crash.jsp
#

---------------  T H R E A D  ---------------

Current thread (0x0000000057e11800):  JavaThread "C1 CompilerThread2" daemon [_thread_in_vm, id=5092, stack(0x00000000583a0000,0x00000000584a0000)]

siginfo: ExceptionCode=0xc0000005, reading address 0xffffffffffffffff

Registers:
RAX=0x0000000000000000, RBX=0x00c600005f080ba8, RCX=0x00c600005f080ba8, RDX=0x0000000002391d20
RSP=0x000000005849e6c8, RBP=0x0000000000000000, RSI=0x0000000002391d20, RDI=0x0000000002393bd0
R8 =0x0000000002393bd0, R9 =0x0000000000000000, R10=0x0000000000000001, R11=0x0000000000000000
R12=0x000000005f968a00, R13=0x00000000000000b6, R14=0x0000000057e11800, R15=0x0000000000000000
RIP=0x00000000704f8f25, EFLAGS=0x0000000000010202

Top of Stack: (sp=0x000000005849e6c8)
0x000000005849e6c8:   00000000704feead 00c600005f080ba8
0x000000005849e6d8:   0000000056409c00 0000000057e11800
0x000000005849e6e8:   000000005f968890 000000005849eaa0
0x000000005849e6f8:   00000000704847a6 0000000015e52a30
0x000000005849e708:   0000000000000000 0000000000000000
0x000000005849e718:   0000000057e11800 000000005849eaa0
0x000000005849e728:   00000000704849e3 0000000015e52a30
0x000000005849e738:   000000005f968bc0 000000005640fea0
0x000000005849e748:   00000000705f341e 0000000015e52a30
0x000000005849e758:   0000000015c5c508 0000000000000000
0x000000005849e768:   0000000000000000 0000000057e11800
0x000000005849e778:   0000000070607200 000000005849e840
0x000000005849e788:   00000000704ad4fc 000000005849ea10
0x000000005849e798:   000000005849e840 0000000002393bd0
0x000000005849e7a8:   0000000002391d20 000000005f968bc0
0x000000005849e7b8:   000000005f970878 0000000000010388 

Instructions: (pc=0x00000000704f8f25)
0x00000000704f8f05:   45 3b 01 7c e6 41 ff 09 48 83 c4 48 5f 5e 5d 5b
0x00000000704f8f15:   c3 cc cc cc cc cc cc cc cc cc cc 48 89 5c 24 08
0x00000000704f8f25:   44 8b 09 45 33 d2 4c 8b da 41 ff c9 48 8b d9 78
0x00000000704f8f35:   4c 66 66 0f 1f 84 00 00 00 00 00 47 8d 04 11 41 


Register to memory mapping:

RAX=0x0000000000000000 is an unknown value
RBX=0x00c600005f080ba8 is an unknown value
RCX=0x00c600005f080ba8 is an unknown value
RDX=0x0000000002391d20 is an unknown value
RSP=0x000000005849e6c8 is pointing into the stack for thread: 0x0000000057e11800
RBP=0x0000000000000000 is an unknown value
RSI=0x0000000002391d20 is an unknown value
RDI=0x0000000002393bd0 is an unknown value
R8 =0x0000000002393bd0 is an unknown value
R9 =0x0000000000000000 is an unknown value
R10=0x0000000000000001 is an unknown value
R11=0x0000000000000000 is an unknown value
R12=0x000000005f968a00 is an unknown value
R13=0x00000000000000b6 is an unknown value
R14=0x0000000057e11800 is a thread
R15=0x0000000000000000 is an unknown value


Stack: [0x00000000583a0000,0x00000000584a0000],  sp=0x000000005849e6c8,  free space=1017k
Native frames: (J=compiled Java code, j=interpreted, Vv=VM code, C=native code)


Current CompileTask:
C1:   8242 3331       3       org.gradle.model.internal.type.ClassTypeWrapper::equals (41 bytes)


---------------  P R O C E S S  ---------------

Java Threads: ( => current thread )
  0x000000005bcc7800 JavaThread "File lock request listener" [_thread_in_native, id=3424, stack(0x000000005dbc0000,0x000000005dcc0000)]
  0x000000005962a800 JavaThread "Stdin handler" [_thread_blocked, id=4300, stack(0x000000005b160000,0x000000005b260000)]
  0x0000000059629800 JavaThread "Asynchronous log dispatcher for org.gradle.launcher.daemon.server.DefaultDaemonConnection@7947d28" [_thread_blocked, id=1880, stack(0x000000005af70000,0x000000005b070000)]
  0x0000000059c68000 JavaThread "Daemon worker" [_thread_blocked, id=5068, stack(0x000000005aba0000,0x000000005aca0000)]
  0x0000000059662800 JavaThread "Cancel handler" [_thread_blocked, id=4336, stack(0x0000000058f50000,0x0000000059050000)]
  0x0000000059666800 JavaThread "Handler for socket connection from /127.0.0.1:50279 to /127.0.0.1:50280" [_thread_in_native, id=5868, stack(0x000000005a9b0000,0x000000005aab0000)]
  0x0000000059651800 JavaThread "Daemon" [_thread_blocked, id=5852, stack(0x000000005a7a0000,0x000000005a8a0000)]
  0x0000000059596000 JavaThread "Incoming local TCP Connector on port 50279" [_thread_in_native, id=3152, stack(0x000000005a420000,0x000000005a520000)]
  0x0000000059523000 JavaThread "pool-1-thread-1" [_thread_blocked, id=2480, stack(0x000000005a240000,0x000000005a340000)]
  0x0000000057e9d800 JavaThread "Service Thread" daemon [_thread_blocked, id=892, stack(0x0000000058280000,0x0000000058380000)]
=>0x0000000057e11800 JavaThread "C1 CompilerThread2" daemon [_thread_in_vm, id=5092, stack(0x00000000583a0000,0x00000000584a0000)]
  0x0000000057e10800 JavaThread "C2 CompilerThread1" daemon [_thread_in_native, id=6108, stack(0x0000000057410000,0x0000000057510000)]
  0x000000005640b000 JavaThread "C2 CompilerThread0" daemon [_thread_blocked, id=764, stack(0x0000000057d10000,0x0000000057e10000)]
  0x0000000056406800 JavaThread "Attach Listener" daemon [_thread_blocked, id=2128, stack(0x0000000057b40000,0x0000000057c40000)]
  0x0000000056405800 JavaThread "Signal Dispatcher" daemon [_thread_blocked, id=6116, stack(0x0000000057980000,0x0000000057a80000)]
  0x00000000563ec000 JavaThread "Finalizer" daemon [_thread_blocked, id=3684, stack(0x0000000057840000,0x0000000057940000)]
  0x00000000563a5000 JavaThread "Reference Handler" daemon [_thread_blocked, id=2780, stack(0x0000000057720000,0x0000000057820000)]
  0x000000000015d800 JavaThread "main" [_thread_blocked, id=2592, stack(0x00000000024f0000,0x00000000025f0000)]

Other Threads:
  0x000000005639d800 VMThread [stack: 0x00000000575f0000,0x00000000576f0000] [id=4748]
  0x0000000057eaa000 WatcherThread [stack: 0x0000000058640000,0x0000000058740000] [id=5912]

VM state:not at safepoint (normal execution)

VM Mutex/Monitor currently owned by a thread:  ([mutex/lock_event])
[0x000000000015c880] Compile_lock - owner thread: 0x0000000057e11800

Heap:
 PSYoungGen      total 103936K, used 66803K [0x00000000e0000000, 0x00000000e7100000, 0x0000000100000000)
  eden space 98304K, 62% used [0x00000000e0000000,0x00000000e3c3bfa8,0x00000000e6000000)
  from space 5632K, 90% used [0x00000000e6b80000,0x00000000e7080fe8,0x00000000e7100000)
  to   space 8704K, 0% used [0x00000000e6000000,0x00000000e6000000,0x00000000e6880000)
 ParOldGen       total 40448K, used 11336K [0x00000000a0000000, 0x00000000a2780000, 0x00000000e0000000)
  object space 40448K, 28% used [0x00000000a0000000,0x00000000a0b12138,0x00000000a2780000)
 Metaspace       used 32306K, capacity 32864K, committed 33152K, reserved 1077248K
  class space    used 4472K, capacity 4647K, committed 4736K, reserved 1048576K

Card table byte_map: [0x0000000011c80000,0x0000000011f90000] byte_map_base: 0x0000000011780000

Marking Bits: (ParMarkBitMap*) 0x0000000070c0b6d0
 Begin Bits: [0x0000000012710000, 0x0000000013f10000)
 End Bits:   [0x0000000013f10000, 0x0000000015710000)

Polling page: 0x0000000000130000

CodeCache: size=245760Kb used=11923Kb max_used=11923Kb free=233837Kb
 bounds [0x00000000028c0000, 0x0000000003470000, 0x00000000118c0000]
 total_blobs=3948 nmethods=3292 adapters=568
 compilation: enabled

Compilation events (10 events):
Event: 8.149 Thread 0x0000000057e11800 nmethod 3326 0x0000000003467f90 code [0x0000000003468120, 0x0000000003468448]
Event: 8.149 Thread 0x0000000057e11800 3327       3       org.gradle.model.internal.type.ModelType::hashCode (8 bytes)
Event: 8.149 Thread 0x0000000057e11800 nmethod 3327 0x00000000034685d0 code [0x0000000003468740, 0x0000000003468968]
Event: 8.149 Thread 0x0000000057e11800 3328       3       com.google.common.collect.SingletonImmutableList::<init> (13 bytes)
Event: 8.149 Thread 0x0000000057e11800 nmethod 3328 0x0000000003468a10 code [0x0000000003468ba0, 0x0000000003468fc8]
Event: 8.149 Thread 0x0000000057e11800 3329       3       java.lang.reflect.Method::hashCode (19 bytes)
Event: 8.150 Thread 0x0000000057e11800 nmethod 3329 0x00000000034691d0 code [0x0000000003469360, 0x00000000034698c8]
Event: 8.150 Thread 0x0000000057e11800 3330       3       sun.reflect.generics.scope.AbstractScope::lookup (66 bytes)
Event: 8.150 Thread 0x0000000057e11800 nmethod 3330 0x0000000003469a50 code [0x0000000003469c20, 0x000000000346a448]
Event: 8.150 Thread 0x0000000057e11800 3331       3       org.gradle.model.internal.type.ClassTypeWrapper::equals (41 bytes)

GC Heap History (10 events):
Event: 3.501 GC heap before
{Heap before GC invocations=5 (full 0):
 PSYoungGen      total 35328K, used 35327K [0x00000000e0000000, 0x00000000e2500000, 0x0000000100000000)
  eden space 32768K, 100% used [0x00000000e0000000,0x00000000e2000000,0x00000000e2000000)
  from space 2560K, 99% used [0x00000000e2280000,0x00000000e24ffc10,0x00000000e2500000)
  to   space 2560K, 0% used [0x00000000e2000000,0x00000000e2000000,0x00000000e2280000)
 ParOldGen       total 44032K, used 4127K [0x00000000a0000000, 0x00000000a2b00000, 0x00000000e0000000)
  object space 44032K, 9% used [0x00000000a0000000,0x00000000a0407fb8,0x00000000a2b00000)
 Metaspace       used 18882K, capacity 19230K, committed 19456K, reserved 1067008K
  class space    used 2575K, capacity 2693K, committed 2816K, reserved 1048576K
Event: 3.539 GC heap after
Heap after GC invocations=5 (full 0):
 PSYoungGen      total 35328K, used 2544K [0x00000000e0000000, 0x00000000e5100000, 0x0000000100000000)
  eden space 32768K, 0% used [0x00000000e0000000,0x00000000e0000000,0x00000000e2000000)
  from space 2560K, 99% used [0x00000000e2000000,0x00000000e227c010,0x00000000e2280000)
  to   space 8704K, 0% used [0x00000000e4880000,0x00000000e4880000,0x00000000e5100000)
 ParOldGen       total 44032K, used 10363K [0x00000000a0000000, 0x00000000a2b00000, 0x00000000e0000000)
  object space 44032K, 23% used [0x00000000a0000000,0x00000000a0a1ef80,0x00000000a2b00000)
 Metaspace       used 18882K, capacity 19230K, committed 19456K, reserved 1067008K
  class space    used 2575K, capacity 2693K, committed 2816K, reserved 1048576K
}
Event: 4.081 GC heap before
{Heap before GC invocations=6 (full 0):
 PSYoungGen      total 35328K, used 22491K [0x00000000e0000000, 0x00000000e5100000, 0x0000000100000000)
  eden space 32768K, 60% used [0x00000000e0000000,0x00000000e137ae68,0x00000000e2000000)
  from space 2560K, 99% used [0x00000000e2000000,0x00000000e227c010,0x00000000e2280000)
  to   space 8704K, 0% used [0x00000000e4880000,0x00000000e4880000,0x00000000e5100000)
 ParOldGen       total 44032K, used 10363K [0x00000000a0000000, 0x00000000a2b00000, 0x00000000e0000000)
  object space 44032K, 23% used [0x00000000a0000000,0x00000000a0a1ef80,0x00000000a2b00000)
 Metaspace       used 20872K, capacity 21218K, committed 21296K, reserved 1067008K
  class space    used 2792K, capacity 2924K, committed 2944K, reserved 1048576K
Event: 4.095 GC heap after
Heap after GC invocations=6 (full 0):
 PSYoungGen      total 73216K, used 4777K [0x00000000e0000000, 0x00000000e5000000, 0x0000000100000000)
  eden space 65536K, 0% used [0x00000000e0000000,0x00000000e0000000,0x00000000e4000000)
  from space 7680K, 62% used [0x00000000e4880000,0x00000000e4d2a5a0,0x00000000e5000000)
  to   space 8192K, 0% used [0x00000000e4000000,0x00000000e4000000,0x00000000e4800000)
 ParOldGen       total 44032K, used 10363K [0x00000000a0000000, 0x00000000a2b00000, 0x00000000e0000000)
  object space 44032K, 23% used [0x00000000a0000000,0x00000000a0a1ef80,0x00000000a2b00000)
 Metaspace       used 20872K, capacity 21218K, committed 21296K, reserved 1067008K
  class space    used 2792K, capacity 2924K, committed 2944K, reserved 1048576K
}
Event: 4.095 GC heap before
{Heap before GC invocations=7 (full 1):
 PSYoungGen      total 73216K, used 4777K [0x00000000e0000000, 0x00000000e5000000, 0x0000000100000000)
  eden space 65536K, 0% used [0x00000000e0000000,0x00000000e0000000,0x00000000e4000000)
  from space 7680K, 62% used [0x00000000e4880000,0x00000000e4d2a5a0,0x00000000e5000000)
  to   space 8192K, 0% used [0x00000000e4000000,0x00000000e4000000,0x00000000e4800000)
 ParOldGen       total 44032K, used 10363K [0x00000000a0000000, 0x00000000a2b00000, 0x00000000e0000000)
  object space 44032K, 23% used [0x00000000a0000000,0x00000000a0a1ef80,0x00000000a2b00000)
 Metaspace       used 20872K, capacity 21218K, committed 21296K, reserved 1067008K
  class space    used 2792K, capacity 2924K, committed 2944K, reserved 1048576K
Event: 4.189 GC heap after
Heap after GC invocations=7 (full 1):
 PSYoungGen      total 73216K, used 0K [0x00000000e0000000, 0x00000000e5000000, 0x0000000100000000)
  eden space 65536K, 0% used [0x00000000e0000000,0x00000000e0000000,0x00000000e4000000)
  from space 7680K, 0% used [0x00000000e4880000,0x00000000e4880000,0x00000000e5000000)
  to   space 8192K, 0% used [0x00000000e4000000,0x00000000e4000000,0x00000000e4800000)
 ParOldGen       total 40448K, used 11320K [0x00000000a0000000, 0x00000000a2780000, 0x00000000e0000000)
  object space 40448K, 27% used [0x00000000a0000000,0x00000000a0b0e120,0x00000000a2780000)
 Metaspace       used 20872K, capacity 21218K, committed 21296K, reserved 1067008K
  class space    used 2792K, capacity 2924K, committed 2944K, reserved 1048576K
}
Event: 5.653 GC heap before
{Heap before GC invocations=8 (full 1):
 PSYoungGen      total 73216K, used 65536K [0x00000000e0000000, 0x00000000e5000000, 0x0000000100000000)
  eden space 65536K, 100% used [0x00000000e0000000,0x00000000e4000000,0x00000000e4000000)
  from space 7680K, 0% used [0x00000000e4880000,0x00000000e4880000,0x00000000e5000000)
  to   space 8192K, 0% used [0x00000000e4000000,0x00000000e4000000,0x00000000e4800000)
 ParOldGen       total 40448K, used 11320K [0x00000000a0000000, 0x00000000a2780000, 0x00000000e0000000)
  object space 40448K, 27% used [0x00000000a0000000,0x00000000a0b0e120,0x00000000a2780000)
 Metaspace       used 26075K, capacity 26552K, committed 26880K, reserved 1073152K
  class space    used 3670K, capacity 3778K, committed 3840K, reserved 1048576K
Event: 5.677 GC heap after
Heap after GC invocations=8 (full 1):
 PSYoungGen      total 73728K, used 7555K [0x00000000e0000000, 0x00000000e7480000, 0x0000000100000000)
  eden space 65536K, 0% used [0x00000000e0000000,0x00000000e0000000,0x00000000e4000000)
  from space 8192K, 92% used [0x00000000e4000000,0x00000000e4760f78,0x00000000e4800000)
  to   space 9216K, 0% used [0x00000000e6b80000,0x00000000e6b80000,0x00000000e7480000)
 ParOldGen       total 40448K, used 11320K [0x00000000a0000000, 0x00000000a2780000, 0x00000000e0000000)
  object space 40448K, 27% used [0x00000000a0000000,0x00000000a0b0e120,0x00000000a2780000)
 Metaspace       used 26075K, capacity 26552K, committed 26880K, reserved 1073152K
  class space    used 3670K, capacity 3778K, committed 3840K, reserved 1048576K
}
Event: 6.843 GC heap before
{Heap before GC invocations=9 (full 1):
 PSYoungGen      total 73728K, used 73091K [0x00000000e0000000, 0x00000000e7480000, 0x0000000100000000)
  eden space 65536K, 100% used [0x00000000e0000000,0x00000000e4000000,0x00000000e4000000)
  from space 8192K, 92% used [0x00000000e4000000,0x00000000e4760f78,0x00000000e4800000)
  to   space 9216K, 0% used [0x00000000e6b80000,0x00000000e6b80000,0x00000000e7480000)
 ParOldGen       total 40448K, used 11320K [0x00000000a0000000, 0x00000000a2780000, 0x00000000e0000000)
  object space 40448K, 27% used [0x00000000a0000000,0x00000000a0b0e120,0x00000000a2780000)
 Metaspace       used 28000K, capacity 28432K, committed 28672K, reserved 1073152K
  class space    used 3898K, capacity 4038K, committed 4096K, reserved 1048576K
Event: 6.858 GC heap after
Heap after GC invocations=9 (full 1):
 PSYoungGen      total 103936K, used 5123K [0x00000000e0000000, 0x00000000e7100000, 0x0000000100000000)
  eden space 98304K, 0% used [0x00000000e0000000,0x00000000e0000000,0x00000000e6000000)
  from space 5632K, 90% used [0x00000000e6b80000,0x00000000e7080fe8,0x00000000e7100000)
  to   space 8704K, 0% used [0x00000000e6000000,0x00000000e6000000,0x00000000e6880000)
 ParOldGen       total 40448K, used 11336K [0x00000000a0000000, 0x00000000a2780000, 0x00000000e0000000)
  object space 40448K, 28% used [0x00000000a0000000,0x00000000a0b12138,0x00000000a2780000)
 Metaspace       used 28000K, capacity 28432K, committed 28672K, reserved 1073152K
  class space    used 3898K, capacity 4038K, committed 4096K, reserved 1048576K
}

Deoptimization events (10 events):
Event: 7.047 Thread 0x0000000059c68000 Uncommon trap: reason=unstable_if action=reinterpret pc=0x000000000330ab94 method=java.io.BufferedInputStream.read([BII)I @ 56
Event: 7.546 Thread 0x0000000059c68000 Uncommon trap: reason=bimorphic action=maybe_recompile pc=0x0000000003279004 method=java.lang.ClassLoader.getPackage(Ljava/lang/String;)Ljava/lang/Package; @ 47
Event: 7.550 Thread 0x0000000059c68000 Uncommon trap: reason=bimorphic action=maybe_recompile pc=0x0000000003279004 method=java.lang.ClassLoader.getPackage(Ljava/lang/String;)Ljava/lang/Package; @ 47
Event: 7.552 Thread 0x0000000059c68000 Uncommon trap: reason=bimorphic action=maybe_recompile pc=0x0000000003279004 method=java.lang.ClassLoader.getPackage(Ljava/lang/String;)Ljava/lang/Package; @ 47
Event: 7.554 Thread 0x0000000059c68000 Uncommon trap: reason=bimorphic action=maybe_recompile pc=0x0000000003279004 method=java.lang.ClassLoader.getPackage(Ljava/lang/String;)Ljava/lang/Package; @ 47
Event: 7.556 Thread 0x0000000059c68000 Uncommon trap: reason=bimorphic action=maybe_recompile pc=0x0000000003298a44 method=java.lang.ClassLoader.getPackage(Ljava/lang/String;)Ljava/lang/Package; @ 47
Event: 7.754 Thread 0x0000000059c68000 Uncommon trap: reason=class_check action=maybe_recompile pc=0x000000000338870c method=java.security.MessageDigest$Delegate.engineUpdate([BII)V @ 7
Event: 7.870 Thread 0x0000000059c68000 Uncommon trap: reason=class_check action=maybe_recompile pc=0x000000000338870c method=java.security.MessageDigest$Delegate.engineUpdate([BII)V @ 7
Event: 7.870 Thread 0x0000000059c68000 Uncommon trap: reason=class_check action=maybe_recompile pc=0x000000000338870c method=java.security.MessageDigest$Delegate.engineUpdate([BII)V @ 7
Event: 7.870 Thread 0x0000000059c68000 Uncommon trap: reason=class_check action=maybe_recompile pc=0x0000000003387e84 method=sun.security.provider.DigestBase.engineUpdate([BII)V @ 128

Internal exceptions (10 events):
Event: 7.483 Thread 0x0000000059c68000 Exception <a 'java/lang/ClassNotFoundException': org/gradle/api/tasks/DeleteCustomizer> (0x00000000e1b8ce48) thrown at [C:\re\workspace\8-2-build-windows-amd64-cygwin\jdk8u121\8372\hotspot\src\share\vm\classfile\systemDictionary.cpp, line 210]
Event: 7.485 Thread 0x0000000059c68000 Exception <a 'java/lang/ClassNotFoundException': org/gradle/api/tasks/Delete_DecoratedCustomizer> (0x00000000e1bc5f68) thrown at [C:\re\workspace\8-2-build-windows-amd64-cygwin\jdk8u121\8372\hotspot\src\share\vm\classfile\systemDictionary.cpp, line 210]
Event: 7.530 Thread 0x0000000059c68000 Exception <a 'java/lang/ClassNotFoundException': build_952n0m3noad7eb6w84unv1s1uBeanInfo> (0x00000000e1d30a20) thrown at [C:\re\workspace\8-2-build-windows-amd64-cygwin\jdk8u121\8372\hotspot\src\share\vm\classfile\systemDictionary.cpp, line 210]
Event: 7.530 Thread 0x0000000059c68000 Exception <a 'java/lang/ClassNotFoundException': build_952n0m3noad7eb6w84unv1s1uCustomizer> (0x00000000e1d3fd30) thrown at [C:\re\workspace\8-2-build-windows-amd64-cygwin\jdk8u121\8372\hotspot\src\share\vm\classfile\systemDictionary.cpp, line 210]
Event: 7.537 Thread 0x0000000059c68000 Exception <a 'java/lang/ClassNotFoundException': org/gradle/api/internal/plugins/DefaultObjectConfigurationActionBeanInfo> (0x00000000e1d94a98) thrown at [C:\re\workspace\8-2-build-windows-amd64-cygwin\jdk8u121\8372\hotspot\src\share\vm\classfile\systemDi
Event: 7.538 Thread 0x0000000059c68000 Exception <a 'java/lang/ClassNotFoundException': org/gradle/api/internal/plugins/DefaultObjectConfigurationActionCustomizer> (0x00000000e1dc1440) thrown at [C:\re\workspace\8-2-build-windows-amd64-cygwin\jdk8u121\8372\hotspot\src\share\vm\classfile\system
Event: 7.541 Thread 0x0000000059c68000 Exception <a 'java/lang/ClassNotFoundException': org/gradle/api/plugins/ObjectConfigurationActionBeanInfo> (0x00000000e1e05c90) thrown at [C:\re\workspace\8-2-build-windows-amd64-cygwin\jdk8u121\8372\hotspot\src\share\vm\classfile\systemDictionary.cpp, li
Event: 7.542 Thread 0x0000000059c68000 Exception <a 'java/lang/ClassNotFoundException': org/gradle/api/plugins/ObjectConfigurationActionCustomizer> (0x00000000e1e2b630) thrown at [C:\re\workspace\8-2-build-windows-amd64-cygwin\jdk8u121\8372\hotspot\src\share\vm\classfile\systemDictionary.cpp, 
Event: 8.022 Thread 0x0000000059c68000 Exception <a 'java/lang/ClassNotFoundException': org/gradle/api/plugins/BasePluginConventionBeanInfo> (0x00000000e358a248) thrown at [C:\re\workspace\8-2-build-windows-amd64-cygwin\jdk8u121\8372\hotspot\src\share\vm\classfile\systemDictionary.cpp, line 21
Event: 8.023 Thread 0x0000000059c68000 Exception <a 'java/lang/ClassNotFoundException': org/gradle/api/plugins/BasePluginConventionCustomizer> (0x00000000e35bd368) thrown at [C:\re\workspace\8-2-build-windows-amd64-cygwin\jdk8u121\8372\hotspot\src\share\vm\classfile\systemDictionary.cpp, line 

Events (10 events):
Event: 8.127 loading class org/gradle/model/internal/manage/schema/cache/MultiWeakClassSet$1
Event: 8.127 loading class org/gradle/model/internal/manage/schema/cache/MultiWeakClassSet$1 done
Event: 8.127 loading class org/gradle/model/internal/manage/schema/cache/MultiWeakClassSet$2
Event: 8.127 loading class org/gradle/model/internal/manage/schema/cache/MultiWeakClassSet$2 done
Event: 8.132 loading class java/util/ArrayList$1
Event: 8.132 loading class java/util/ArrayList$1 done
Event: 8.148 loading class org/gradle/model/internal/type/GenericArrayTypeWrapper
Event: 8.148 loading class org/gradle/model/internal/type/GenericArrayTypeWrapper done
Event: 8.150 loading class org/gradle/model/internal/manage/schema/extract/ModelMapStrategy$2
Event: 8.150 loading class org/gradle/model/internal/manage/schema/extract/ModelMapStrategy$2 done


Dynamic libraries:
0x000000013fe00000 - 0x000000013fe37000 	C:\Program Files\Java\jdk1.8.0_121\bin\java.exe
0x0000000077bd0000 - 0x0000000077d79000 	C:\Windows\SYSTEM32\ntdll.dll
0x0000000077ab0000 - 0x0000000077bcf000 	C:\Windows\system32\kernel32.dll
0x000007fefdda0000 - 0x000007fefde0b000 	C:\Windows\system32\KERNELBASE.dll
0x000007fefe0e0000 - 0x000007fefe1bb000 	C:\Windows\system32\ADVAPI32.dll
0x000007feffce0000 - 0x000007feffd7f000 	C:\Windows\system32\msvcrt.dll
0x000007feff6f0000 - 0x000007feff70f000 	C:\Windows\SYSTEM32\sechost.dll
0x000007feffd80000 - 0x000007feffead000 	C:\Windows\system32\RPCRT4.dll
0x00000000779b0000 - 0x0000000077aaa000 	C:\Windows\system32\USER32.dll
0x000007fefe3a0000 - 0x000007fefe407000 	C:\Windows\system32\GDI32.dll
0x000007feff610000 - 0x000007feff61e000 	C:\Windows\system32\LPK.dll
0x000007feff290000 - 0x000007feff359000 	C:\Windows\system32\USP10.dll
0x000007fefc350000 - 0x000007fefc544000 	C:\Windows\WinSxS\amd64_microsoft.windows.common-controls_6595b64144ccf1df_6.0.7601.17514_none_fa396087175ac9ac\COMCTL32.dll
0x000007feff620000 - 0x000007feff691000 	C:\Windows\system32\SHLWAPI.dll
0x000007feffeb0000 - 0x000007feffede000 	C:\Windows\system32\IMM32.DLL
0x000007feff790000 - 0x000007feff899000 	C:\Windows\system32\MSCTF.dll
0x0000000070c90000 - 0x0000000070d62000 	C:\Program Files\Java\jdk1.8.0_121\jre\bin\msvcr100.dll
0x00000000703f0000 - 0x0000000070c8b000 	C:\Program Files\Java\jdk1.8.0_121\jre\bin\server\jvm.dll
0x000007feea630000 - 0x000007feea639000 	C:\Windows\system32\WSOCK32.dll
0x000007feff6a0000 - 0x000007feff6ed000 	C:\Windows\system32\WS2_32.dll
0x000007feff280000 - 0x000007feff288000 	C:\Windows\system32\NSI.dll
0x000007fef9fb0000 - 0x000007fef9feb000 	C:\Windows\system32\WINMM.dll
0x000007fefcce0000 - 0x000007fefccec000 	C:\Windows\system32\VERSION.dll
0x0000000077da0000 - 0x0000000077da7000 	C:\Windows\system32\PSAPI.DLL
0x0000000074760000 - 0x000000007476f000 	C:\Program Files\Java\jdk1.8.0_121\jre\bin\verify.dll
0x0000000074600000 - 0x0000000074629000 	C:\Program Files\Java\jdk1.8.0_121\jre\bin\java.dll
0x00000000745e0000 - 0x00000000745f6000 	C:\Program Files\Java\jdk1.8.0_121\jre\bin\zip.dll
0x000007fefe410000 - 0x000007feff198000 	C:\Windows\system32\SHELL32.dll
0x000007feff360000 - 0x000007feff563000 	C:\Windows\system32\ole32.dll
0x000007fefdb20000 - 0x000007fefdb2f000 	C:\Windows\system32\profapi.dll
0x00000000745c0000 - 0x00000000745da000 	C:\Program Files\Java\jdk1.8.0_121\jre\bin\net.dll
0x000007fefd390000 - 0x000007fefd3e5000 	C:\Windows\system32\mswsock.dll
0x000007fefd380000 - 0x000007fefd387000 	C:\Windows\System32\wship6.dll
0x00000000745a0000 - 0x00000000745b1000 	C:\Program Files\Java\jdk1.8.0_121\jre\bin\nio.dll
0x000007feea730000 - 0x000007feea742000 	C:\Users\welcome\.gradle\native\19\windows-amd64\native-platform.dll
0x000007fefd3f0000 - 0x000007fefd407000 	C:\Windows\system32\CRYPTSP.dll
0x000007fefd0b0000 - 0x000007fefd0f7000 	C:\Windows\system32\rsaenh.dll
0x000007fefcf30000 - 0x000007fefcf4e000 	C:\Windows\system32\USERENV.dll
0x000007fefda50000 - 0x000007fefda5f000 	C:\Windows\system32\CRYPTBASE.dll
0x000007fefccb0000 - 0x000007fefccd7000 	C:\Windows\system32\IPHLPAPI.DLL
0x000007fefcca0000 - 0x000007fefccab000 	C:\Windows\system32\WINNSI.DLL
0x000007fefcc30000 - 0x000007fefcc48000 	C:\Windows\system32\dhcpcsvc.DLL
0x000007fefb0b0000 - 0x000007fefb0c1000 	C:\Windows\system32\dhcpcsvc6.DLL
0x0000000074770000 - 0x000000007477d000 	C:\Program Files\Java\jdk1.8.0_121\jre\bin\management.dll
0x000007fefd9f0000 - 0x000007fefda47000 	C:\Windows\system32\apphelp.dll
0x000007fef7a50000 - 0x000007fef7b75000 	C:\Windows\system32\dbghelp.dll

VM Arguments:
jvm_args: -Xmx1536m -Dfile.encoding=windows-1252 -Duser.country=US -Duser.language=en -Duser.variant 
java_command: org.gradle.launcher.daemon.bootstrap.GradleDaemon 2.14.1
java_class_path (initial): C:\Program Files\Android\Android Studio\gradle\gradle-2.14.1\lib\gradle-launcher-2.14.1.jar
Launcher Type: SUN_STANDARD

Environment Variables:
PATH=C:\ProgramData\Oracle\Java\javapath;C:\Windows\system32;C:\Windows;C:\Windows\System32\Wbem;C:\Windows\System32\WindowsPowerShell\v1.0\;C:\Program Files\Git\cmd;C:\Program Files\Java\jdk1.8.0_121\bin
USERNAME=welcome
OS=Windows_NT
PROCESSOR_IDENTIFIER=Intel64 Family 6 Model 58 Stepping 9, GenuineIntel



---------------  S Y S T E M  ---------------

OS: Windows 7 , 64 bit Build 7601 (6.1.7601.17514)

CPU:total 4 (2 cores per cpu, 2 threads per core) family 6 model 58 stepping 9, cmov, cx8, fxsr, mmx, sse, sse2, sse3, ssse3, sse4.1, sse4.2, popcnt, avx, clmul, erms, ht, tsc, tscinvbit, tscinv

Memory: 4k page, physical 4083996k(666040k free), swap 8166148k(3970272k free)

vm_info: Java HotSpot(TM) 64-Bit Server VM (25.121-b13) for windows-amd64 JRE (1.8.0_121-b13), built on Dec 12 2016 18:21:36 by "java_re" with MS VC++ 10.0 (VS2010)

time: Mon Feb 06 23:37:06 2017
elapsed time: 8 seconds (0d 0h 0m 8s)

