#
# A fatal error has been detected by the Java Runtime Environment:
#
#  EXCEPTION_ACCESS_VIOLATION (0xc0000005) at pc=0x000000007057fb60, pid=3640, tid=0x0000000000000ce0
#
# JRE version: Java(TM) SE Runtime Environment (8.0_121-b13) (build 1.8.0_121-b13)
# Java VM: Java HotSpot(TM) 64-Bit Server VM (25.121-b13 mixed mode windows-amd64 compressed oops)
# Problematic frame:
# V  [jvm.dll+0xafb60]
#
# Failed to write core dump. Minidumps are not enabled by default on client versions of Windows
#
# If you would like to submit a bug report, please visit:
#   http://bugreport.java.com/bugreport/crash.jsp
#

---------------  T H R E A D  ---------------

Current thread (0x000000000235c000):  GCTaskThread [stack: 0x00000000122a0000,0x00000000123a0000] [id=3296]

siginfo: ExceptionCode=0xc0000005, reading address 0x0000000000000008

Registers:
RAX=0x0000000000000000, RBX=0x00000000e73103f8, RCX=0x00000000e73103f8, RDX=0x0000000000000000
RSP=0x000000001239fbd8, RBP=0x0000000000000000, RSI=0x000000005648ac40, RDI=0x0000000060490eb0
R8 =0x000000005648ac40, R9 =0x0000000000000005, R10=0x0000000000000008, R11=0x00000000e72b2348
R12=0x0000000070b24d58, R13=0x0000000000000000, R14=0x0000000000000000, R15=0x000000000235c6f0
RIP=0x000000007057fb60, EFLAGS=0x0000000000010246

Top of Stack: (sp=0x000000001239fbd8)
0x000000001239fbd8:   00000000708d0ab2 00000000e1e3e998
0x000000001239fbe8:   0000000000000002 000000005648ac40
0x000000001239fbf8:   00000000705bc35a 00000000e72aa358
0x000000001239fc08:   00000000708d11fb 00000000e7a69c18
0x000000001239fc18:   000000001239fd40 0000000000000000
0x000000001239fc28:   0000000002359501 0000000070b24d58
0x000000001239fc38:   00000000708d0e20 00000000e6f5fcf4
0x000000001239fc48:   0000000000000000 000000005648ac40
0x000000001239fc58:   0000000060490eb0 00000000e6f5fcf4
0x000000001239fc68:   00000000708d17f5 0000000000000005
0x000000001239fc78:   00000000708a09e3 00000000e6f5fd10
0x000000001239fc88:   00000000705e3393 00000000e6f5fd0d
0x000000001239fc98:   00000000e6f5fd0d 000008ed00001120
0x000000001239fca8:   000008ed0000111f 00000000e7282358
0x000000001239fcb8:   00000000708d11fb 000008ed00001121
0x000000001239fcc8:   000008ed0000111f 000000000235c6e0 

Instructions: (pc=0x000000007057fb60)
0x000000007057fb40:   ac b8 1d 00 48 8b 9c 24 d0 00 00 00 48 81 c4 c0
0x000000007057fb50:   00 00 00 5d c3 cc cc cc cc cc cc cc cc cc cc cc
0x000000007057fb60:   44 8b 42 08 4c 8b ca 45 85 c0 7e 0e 41 f6 c0 01
0x000000007057fb70:   75 57 41 c1 f8 03 41 8b c0 c3 79 4d 80 3d ee c7 


Register to memory mapping:

RAX=0x0000000000000000 is an unknown value
RBX=0x00000000e73103f8 is an unknown value
RCX=0x00000000e73103f8 is an unknown value
RDX=0x0000000000000000 is an unknown value
RSP=0x000000001239fbd8 is an unknown value
RBP=0x0000000000000000 is an unknown value
RSI=0x000000005648ac40 is an unknown value
RDI=0x0000000060490eb0 is an unknown value
R8 =0x000000005648ac40 is an unknown value
R9 =0x0000000000000005 is an unknown value
R10=0x0000000000000008 is an unknown value
R11=0x00000000e72b2348 is an unknown value
R12=0x0000000070b24d58 is an unknown value
R13=0x0000000000000000 is an unknown value
R14=0x0000000000000000 is an unknown value
R15=0x000000000235c6f0 is an unknown value


Stack: [0x00000000122a0000,0x00000000123a0000],  sp=0x000000001239fbd8,  free space=1022k
Native frames: (J=compiled Java code, j=interpreted, Vv=VM code, C=native code)


---------------  P R O C E S S  ---------------

Java Threads: ( => current thread )
  0x000000005dad9000 JavaThread "File lock request listener" [_thread_in_native, id=5896, stack(0x000000005e610000,0x000000005e710000)]
  0x00000000595f7800 JavaThread "Stdin handler" [_thread_blocked, id=4536, stack(0x000000005a5c0000,0x000000005a6c0000)]
  0x00000000595f7000 JavaThread "Asynchronous log dispatcher for org.gradle.launcher.daemon.server.DefaultDaemonConnection@7947d28" [_thread_blocked, id=5908, stack(0x000000005ac60000,0x000000005ad60000)]
  0x00000000595b2000 JavaThread "Daemon worker" [_thread_blocked, id=1288, stack(0x000000005a8d0000,0x000000005a9d0000)]
  0x0000000059502800 JavaThread "Cancel handler" [_thread_blocked, id=3660, stack(0x000000005a6d0000,0x000000005a7d0000)]
  0x00000000594d8000 JavaThread "Handler for socket connection from /127.0.0.1:50260 to /127.0.0.1:50261" [_thread_in_native, id=1248, stack(0x000000005a330000,0x000000005a430000)]
  0x00000000594d7800 JavaThread "Daemon" [_thread_blocked, id=5380, stack(0x000000005a450000,0x000000005a550000)]
  0x0000000059283800 JavaThread "Incoming local TCP Connector on port 50260" [_thread_in_native, id=6096, stack(0x0000000059fa0000,0x000000005a0a0000)]
  0x0000000059117000 JavaThread "pool-1-thread-1" [_thread_blocked, id=5768, stack(0x0000000059e70000,0x0000000059f70000)]
  0x0000000057b43000 JavaThread "Service Thread" daemon [_thread_blocked, id=5620, stack(0x0000000058460000,0x0000000058560000)]
  0x00000000564fe000 JavaThread "C1 CompilerThread2" daemon [_thread_blocked, id=5260, stack(0x0000000057ed0000,0x0000000057fd0000)]
  0x00000000564fd000 JavaThread "C2 CompilerThread1" daemon [_thread_blocked, id=4168, stack(0x0000000058200000,0x0000000058300000)]
  0x00000000564fb000 JavaThread "C2 CompilerThread0" daemon [_thread_in_native, id=3232, stack(0x0000000058050000,0x0000000058150000)]
  0x00000000564f7000 JavaThread "Attach Listener" daemon [_thread_blocked, id=4308, stack(0x0000000057560000,0x0000000057660000)]
  0x00000000564f5800 JavaThread "Signal Dispatcher" daemon [_thread_blocked, id=1624, stack(0x00000000579b0000,0x0000000057ab0000)]
  0x00000000564dc000 JavaThread "Finalizer" daemon [_thread_blocked, id=4552, stack(0x00000000578a0000,0x00000000579a0000)]
  0x0000000056495800 JavaThread "Reference Handler" daemon [_thread_blocked, id=3676, stack(0x00000000576c0000,0x00000000577c0000)]
  0x000000000230d800 JavaThread "main" [_thread_blocked, id=5624, stack(0x00000000024d0000,0x00000000025d0000)]

Other Threads:
  0x000000005648e000 VMThread [stack: 0x0000000057400000,0x0000000057500000] [id=5828]
  0x0000000057b47800 WatcherThread [stack: 0x0000000058300000,0x0000000058400000] [id=5220]

=>0x000000000235c000 (exited) GCTaskThread [stack: 0x00000000122a0000,0x00000000123a0000] [id=3296]

VM state:at safepoint (normal execution)

VM Mutex/Monitor currently owned by a thread:  ([mutex/lock_event])
[0x000000000230be80] Threads_lock - owner thread: 0x000000005648e000
[0x000000000230c380] Heap_lock - owner thread: 0x00000000595b2000

Heap:
 PSYoungGen      total 117248K, used 115862K [0x00000000e0000000, 0x00000000e7e00000, 0x0000000100000000)
  eden space 110592K, 99% used [0x00000000e0000000,0x00000000e6bc2bd8,0x00000000e6c00000)
  from space 6656K, 82% used [0x00000000e7780000,0x00000000e7ce2ec8,0x00000000e7e00000)
  to   space 9216K, 74% used [0x00000000e6c00000,0x00000000e72b2358,0x00000000e7500000)
 ParOldGen       total 37376K, used 11306K [0x00000000a0000000, 0x00000000a2480000, 0x00000000e0000000)
  object space 37376K, 30% used [0x00000000a0000000,0x00000000a0b0aa48,0x00000000a2480000)
 Metaspace       used 34591K, capacity 35108K, committed 35456K, reserved 1079296K
  class space    used 4742K, capacity 4881K, committed 4992K, reserved 1048576K

Card table byte_map: [0x0000000011c60000,0x0000000011f70000] byte_map_base: 0x0000000011760000

Marking Bits: (ParMarkBitMap*) 0x0000000070ceb6d0
 Begin Bits: [0x0000000012800000, 0x0000000014000000)
 End Bits:   [0x0000000014000000, 0x0000000015800000)

Polling page: 0x0000000000330000

CodeCache: size=245760Kb used=13243Kb max_used=13243Kb free=232516Kb
 bounds [0x00000000028a0000, 0x00000000035a0000, 0x00000000118a0000]
 total_blobs=4439 nmethods=3777 adapters=573
 compilation: enabled

Compilation events (10 events):
Event: 9.964 Thread 0x00000000564fe000 3819       2       java.util.jar.Attributes::size (10 bytes)
Event: 9.964 Thread 0x00000000564fe000 nmethod 3819 0x00000000035937d0 code [0x0000000003593940, 0x0000000003593ac8]
Event: 9.975 Thread 0x00000000564fe000 3820       2       sun.security.util.ManifestDigester::findSection (180 bytes)
Event: 9.975 Thread 0x00000000564fe000 nmethod 3820 0x0000000003593b50 code [0x0000000003593cc0, 0x0000000003593f90]
Event: 9.975 Thread 0x00000000564fe000 3821 %     3       sun.security.util.ManifestDigester::findSection @ 20 (180 bytes)
Event: 9.976 Thread 0x00000000564fe000 nmethod 3821% 0x0000000003594190 code [0x0000000003594320, 0x0000000003594830]
Event: 9.976 Thread 0x00000000564fe000 3822       2       sun.security.util.ManifestDigester$Entry::<init> (26 bytes)
Event: 9.976 Thread 0x00000000564fe000 nmethod 3822 0x0000000003594ad0 code [0x0000000003594c20, 0x0000000003594d90]
Event: 9.976 Thread 0x00000000564fe000 3823       2       sun.security.util.ManifestDigester::isNameAttr (102 bytes)
Event: 9.977 Thread 0x00000000564fe000 nmethod 3823 0x0000000003594e10 code [0x0000000003594f80, 0x0000000003595210]

GC Heap History (10 events):
Event: 3.386 GC heap after
Heap after GC invocations=5 (full 0):
 PSYoungGen      total 35328K, used 2544K [0x00000000e0000000, 0x00000000e5100000, 0x0000000100000000)
  eden space 32768K, 0% used [0x00000000e0000000,0x00000000e0000000,0x00000000e2000000)
  from space 2560K, 99% used [0x00000000e2000000,0x00000000e227c010,0x00000000e2280000)
  to   space 8704K, 0% used [0x00000000e4880000,0x00000000e4880000,0x00000000e5100000)
 ParOldGen       total 44032K, used 10068K [0x00000000a0000000, 0x00000000a2b00000, 0x00000000e0000000)
  object space 44032K, 22% used [0x00000000a0000000,0x00000000a09d5040,0x00000000a2b00000)
 Metaspace       used 18910K, capacity 19284K, committed 19456K, reserved 1067008K
  class space    used 2574K, capacity 2691K, committed 2816K, reserved 1048576K
}
Event: 3.844 GC heap before
{Heap before GC invocations=6 (full 0):
 PSYoungGen      total 35328K, used 22251K [0x00000000e0000000, 0x00000000e5100000, 0x0000000100000000)
  eden space 32768K, 60% used [0x00000000e0000000,0x00000000e133ee88,0x00000000e2000000)
  from space 2560K, 99% used [0x00000000e2000000,0x00000000e227c010,0x00000000e2280000)
  to   space 8704K, 0% used [0x00000000e4880000,0x00000000e4880000,0x00000000e5100000)
 ParOldGen       total 44032K, used 10068K [0x00000000a0000000, 0x00000000a2b00000, 0x00000000e0000000)
  object space 44032K, 22% used [0x00000000a0000000,0x00000000a09d5040,0x00000000a2b00000)
 Metaspace       used 20862K, capacity 21214K, committed 21296K, reserved 1067008K
  class space    used 2784K, capacity 2924K, committed 2944K, reserved 1048576K
Event: 3.969 GC heap after
Heap after GC invocations=6 (full 0):
 PSYoungGen      total 73216K, used 4935K [0x00000000e0000000, 0x00000000e5000000, 0x0000000100000000)
  eden space 65536K, 0% used [0x00000000e0000000,0x00000000e0000000,0x00000000e4000000)
  from space 7680K, 64% used [0x00000000e4880000,0x00000000e4d51dc8,0x00000000e5000000)
  to   space 8192K, 0% used [0x00000000e4000000,0x00000000e4000000,0x00000000e4800000)
 ParOldGen       total 44032K, used 10068K [0x00000000a0000000, 0x00000000a2b00000, 0x00000000e0000000)
  object space 44032K, 22% used [0x00000000a0000000,0x00000000a09d5040,0x00000000a2b00000)
 Metaspace       used 20862K, capacity 21214K, committed 21296K, reserved 1067008K
  class space    used 2784K, capacity 2924K, committed 2944K, reserved 1048576K
}
Event: 3.969 GC heap before
{Heap before GC invocations=7 (full 1):
 PSYoungGen      total 73216K, used 4935K [0x00000000e0000000, 0x00000000e5000000, 0x0000000100000000)
  eden space 65536K, 0% used [0x00000000e0000000,0x00000000e0000000,0x00000000e4000000)
  from space 7680K, 64% used [0x00000000e4880000,0x00000000e4d51dc8,0x00000000e5000000)
  to   space 8192K, 0% used [0x00000000e4000000,0x00000000e4000000,0x00000000e4800000)
 ParOldGen       total 44032K, used 10068K [0x00000000a0000000, 0x00000000a2b00000, 0x00000000e0000000)
  object space 44032K, 22% used [0x00000000a0000000,0x00000000a09d5040,0x00000000a2b00000)
 Metaspace       used 20862K, capacity 21214K, committed 21296K, reserved 1067008K
  class space    used 2784K, capacity 2924K, committed 2944K, reserved 1048576K
Event: 4.076 GC heap after
Heap after GC invocations=7 (full 1):
 PSYoungGen      total 73216K, used 0K [0x00000000e0000000, 0x00000000e5000000, 0x0000000100000000)
  eden space 65536K, 0% used [0x00000000e0000000,0x00000000e0000000,0x00000000e4000000)
  from space 7680K, 0% used [0x00000000e4880000,0x00000000e4880000,0x00000000e5000000)
  to   space 8192K, 0% used [0x00000000e4000000,0x00000000e4000000,0x00000000e4800000)
 ParOldGen       total 37376K, used 11218K [0x00000000a0000000, 0x00000000a2480000, 0x00000000e0000000)
  object space 37376K, 30% used [0x00000000a0000000,0x00000000a0af4a20,0x00000000a2480000)
 Metaspace       used 20862K, capacity 21214K, committed 21296K, reserved 1067008K
  class space    used 2784K, capacity 2924K, committed 2944K, reserved 1048576K
}
Event: 6.532 GC heap before
{Heap before GC invocations=8 (full 1):
 PSYoungGen      total 73216K, used 65536K [0x00000000e0000000, 0x00000000e5000000, 0x0000000100000000)
  eden space 65536K, 100% used [0x00000000e0000000,0x00000000e4000000,0x00000000e4000000)
  from space 7680K, 0% used [0x00000000e4880000,0x00000000e4880000,0x00000000e5000000)
  to   space 8192K, 0% used [0x00000000e4000000,0x00000000e4000000,0x00000000e4800000)
 ParOldGen       total 37376K, used 11218K [0x00000000a0000000, 0x00000000a2480000, 0x00000000e0000000)
  object space 37376K, 30% used [0x00000000a0000000,0x00000000a0af4a20,0x00000000a2480000)
 Metaspace       used 26035K, capacity 26548K, committed 26880K, reserved 1073152K
  class space    used 3654K, capacity 3778K, committed 3840K, reserved 1048576K
Event: 6.552 GC heap after
Heap after GC invocations=8 (full 1):
 PSYoungGen      total 73728K, used 7477K [0x00000000e0000000, 0x00000000e8080000, 0x0000000100000000)
  eden space 65536K, 0% used [0x00000000e0000000,0x00000000e0000000,0x00000000e4000000)
  from space 8192K, 91% used [0x00000000e4000000,0x00000000e474d448,0x00000000e4800000)
  to   space 9216K, 0% used [0x00000000e7780000,0x00000000e7780000,0x00000000e8080000)
 ParOldGen       total 37376K, used 11218K [0x00000000a0000000, 0x00000000a2480000, 0x00000000e0000000)
  object space 37376K, 30% used [0x00000000a0000000,0x00000000a0af4a20,0x00000000a2480000)
 Metaspace       used 26035K, capacity 26548K, committed 26880K, reserved 1073152K
  class space    used 3654K, capacity 3778K, committed 3840K, reserved 1048576K
}
Event: 7.616 GC heap before
{Heap before GC invocations=9 (full 1):
 PSYoungGen      total 73728K, used 73013K [0x00000000e0000000, 0x00000000e8080000, 0x0000000100000000)
  eden space 65536K, 100% used [0x00000000e0000000,0x00000000e4000000,0x00000000e4000000)
  from space 8192K, 91% used [0x00000000e4000000,0x00000000e474d448,0x00000000e4800000)
  to   space 9216K, 0% used [0x00000000e7780000,0x00000000e7780000,0x00000000e8080000)
 ParOldGen       total 37376K, used 11218K [0x00000000a0000000, 0x00000000a2480000, 0x00000000e0000000)
  object space 37376K, 30% used [0x00000000a0000000,0x00000000a0af4a20,0x00000000a2480000)
 Metaspace       used 28060K, capacity 28492K, committed 28672K, reserved 1073152K
  class space    used 3901K, capacity 4038K, committed 4096K, reserved 1048576K
Event: 7.632 GC heap after
Heap after GC invocations=9 (full 1):
 PSYoungGen      total 117248K, used 5515K [0x00000000e0000000, 0x00000000e7e00000, 0x0000000100000000)
  eden space 110592K, 0% used [0x00000000e0000000,0x00000000e0000000,0x00000000e6c00000)
  from space 6656K, 82% used [0x00000000e7780000,0x00000000e7ce2ec8,0x00000000e7e00000)
  to   space 9216K, 0% used [0x00000000e6c00000,0x00000000e6c00000,0x00000000e7500000)
 ParOldGen       total 37376K, used 11226K [0x00000000a0000000, 0x00000000a2480000, 0x00000000e0000000)
  object space 37376K, 30% used [0x00000000a0000000,0x00000000a0af6a20,0x00000000a2480000)
 Metaspace       used 28060K, capacity 28492K, committed 28672K, reserved 1073152K
  class space    used 3901K, capacity 4038K, committed 4096K, reserved 1048576K
}
Event: 10.032 GC heap before
{Heap before GC invocations=10 (full 1):
 PSYoungGen      total 117248K, used 115862K [0x00000000e0000000, 0x00000000e7e00000, 0x0000000100000000)
  eden space 110592K, 99% used [0x00000000e0000000,0x00000000e6bc2bd8,0x00000000e6c00000)
  from space 6656K, 82% used [0x00000000e7780000,0x00000000e7ce2ec8,0x00000000e7e00000)
  to   space 9216K, 0% used [0x00000000e6c00000,0x00000000e6c00000,0x00000000e7500000)
 ParOldGen       total 37376K, used 11226K [0x00000000a0000000, 0x00000000a2480000, 0x00000000e0000000)
  object space 37376K, 30% used [0x00000000a0000000,0x00000000a0af6a20,0x00000000a2480000)
 Metaspace       used 34591K, capacity 35108K, committed 35456K, reserved 1079296K
  class space    used 4742K, capacity 4881K, committed 4992K, reserved 1048576K

Deoptimization events (10 events):
Event: 8.409 Thread 0x00000000595b2000 Uncommon trap: reason=bimorphic action=maybe_recompile pc=0x0000000003092118 method=java.lang.ClassLoader.getPackage(Ljava/lang/String;)Ljava/lang/Package; @ 47
Event: 8.413 Thread 0x00000000595b2000 Uncommon trap: reason=bimorphic action=maybe_recompile pc=0x0000000003092118 method=java.lang.ClassLoader.getPackage(Ljava/lang/String;)Ljava/lang/Package; @ 47
Event: 8.415 Thread 0x00000000595b2000 Uncommon trap: reason=bimorphic action=maybe_recompile pc=0x0000000003092118 method=java.lang.ClassLoader.getPackage(Ljava/lang/String;)Ljava/lang/Package; @ 47
Event: 8.417 Thread 0x00000000595b2000 Uncommon trap: reason=bimorphic action=maybe_recompile pc=0x0000000003092118 method=java.lang.ClassLoader.getPackage(Ljava/lang/String;)Ljava/lang/Package; @ 47
Event: 8.419 Thread 0x00000000595b2000 Uncommon trap: reason=bimorphic action=maybe_recompile pc=0x00000000030c547c method=java.lang.ClassLoader.getPackage(Ljava/lang/String;)Ljava/lang/Package; @ 47
Event: 8.551 Thread 0x00000000595b2000 Uncommon trap: reason=unstable_if action=reinterpret pc=0x0000000003078440 method=java.util.regex.Pattern.has(I)Z @ 6
Event: 8.653 Thread 0x00000000595b2000 Uncommon trap: reason=unstable_if action=reinterpret pc=0x000000000339e2b0 method=java.util.Hashtable.containsKey(Ljava/lang/Object;)Z @ 36
Event: 9.019 Thread 0x00000000595f7000 Uncommon trap: reason=unstable_if action=reinterpret pc=0x00000000033fafac method=com.esotericsoftware.kryo.io.Output.writeString(Ljava/lang/CharSequence;)V @ 1
Event: 9.167 Thread 0x00000000595b2000 Uncommon trap: reason=unstable_if action=reinterpret pc=0x0000000003148258 method=java.util.HashMap.putVal(ILjava/lang/Object;Ljava/lang/Object;ZZ)Ljava/lang/Object; @ 162
Event: 9.168 Thread 0x00000000595b2000 Uncommon trap: reason=unstable_if action=reinterpret pc=0x0000000002b7aac4 method=java.util.HashMap.resize()[Ljava/util/HashMap$Node; @ 206

Internal exceptions (10 events):
Event: 8.405 Thread 0x00000000595b2000 Exception <a 'java/lang/ClassNotFoundException': org/gradle/api/plugins/ObjectConfigurationActionCustomizer> (0x00000000e1f47a40) thrown at [C:\re\workspace\8-2-build-windows-amd64-cygwin\jdk8u121\8372\hotspot\src\share\vm\classfile\systemDictionary.cpp, 
Event: 8.904 Thread 0x00000000595b2000 Exception <a 'java/lang/ClassNotFoundException': org/gradle/api/plugins/BasePluginConventionBeanInfo> (0x00000000e36be338) thrown at [C:\re\workspace\8-2-build-windows-amd64-cygwin\jdk8u121\8372\hotspot\src\share\vm\classfile\systemDictionary.cpp, line 21
Event: 8.905 Thread 0x00000000595b2000 Exception <a 'java/lang/ClassNotFoundException': org/gradle/api/plugins/BasePluginConventionCustomizer> (0x00000000e36f1458) thrown at [C:\re\workspace\8-2-build-windows-amd64-cygwin\jdk8u121\8372\hotspot\src\share\vm\classfile\systemDictionary.cpp, line 
Event: 9.019 Thread 0x00000000595f7000 Implicit null exception at 0x00000000033face0 to 0x00000000033faf99
Event: 9.609 Thread 0x00000000595b2000 Exception <a 'java/lang/ClassNotFoundException': org/gradle/api/plugins/JavaPluginConventionBeanInfo> (0x00000000e588d918) thrown at [C:\re\workspace\8-2-build-windows-amd64-cygwin\jdk8u121\8372\hotspot\src\share\vm\classfile\systemDictionary.cpp, line 21
Event: 9.611 Thread 0x00000000595b2000 Exception <a 'java/lang/ClassNotFoundException': org/gradle/api/plugins/JavaPluginConventionCustomizer> (0x00000000e58c0850) thrown at [C:\re\workspace\8-2-build-windows-amd64-cygwin\jdk8u121\8372\hotspot\src\share\vm\classfile\systemDictionary.cpp, line 
Event: 9.861 Thread 0x00000000595b2000 Exception <a 'java/lang/ClassNotFoundException': com/android/build/gradle/internal/api/DefaultAndroidSourceSet_DecoratedBeanInfo> (0x00000000e63d8f78) thrown at [C:\re\workspace\8-2-build-windows-amd64-cygwin\jdk8u121\8372\hotspot\src\share\vm\classfile\s
Event: 9.862 Thread 0x00000000595b2000 Exception <a 'java/lang/ClassNotFoundException': com/android/build/gradle/internal/api/DefaultAndroidSourceSetBeanInfo> (0x00000000e63ecc08) thrown at [C:\re\workspace\8-2-build-windows-amd64-cygwin\jdk8u121\8372\hotspot\src\share\vm\classfile\systemDicti
Event: 9.862 Thread 0x00000000595b2000 Exception <a 'java/lang/ClassNotFoundException': com/android/build/gradle/internal/api/DefaultAndroidSourceSetCustomizer> (0x00000000e6400bd8) thrown at [C:\re\workspace\8-2-build-windows-amd64-cygwin\jdk8u121\8372\hotspot\src\share\vm\classfile\systemDic
Event: 9.864 Thread 0x00000000595b2000 Exception <a 'java/lang/ClassNotFoundException': com/android/build/gradle/internal/api/DefaultAndroidSourceSet_DecoratedCustomizer> (0x00000000e6453f18) thrown at [C:\re\workspace\8-2-build-windows-amd64-cygwin\jdk8u121\8372\hotspot\src\share\vm\classfile

Events (10 events):
Event: 9.966 loading class sun/security/util/ManifestDigester
Event: 9.970 loading class sun/security/util/ManifestDigester done
Event: 9.970 loading class sun/security/util/ManifestDigester$Position
Event: 9.970 loading class sun/security/util/ManifestDigester$Position done
Event: 9.973 loading class sun/security/util/ManifestDigester$Entry
Event: 9.974 loading class sun/security/util/ManifestDigester$Entry done
Event: 9.976 loading class sun/security/pkcs/PKCS7
Event: 10.000 loading class sun/security/pkcs/PKCS7 done
Event: 10.000 loading class sun/security/util/DerInputStream
Event: 10.031 Executing VM operation: CollectForMetadataAllocation


Dynamic libraries:
0x000000013f6e0000 - 0x000000013f717000 	C:\Program Files\Java\jdk1.8.0_121\bin\java.exe
0x0000000077bd0000 - 0x0000000077d79000 	C:\Windows\SYSTEM32\ntdll.dll
0x0000000077ab0000 - 0x0000000077bcf000 	C:\Windows\system32\kernel32.dll
0x000007fefdda0000 - 0x000007fefde0b000 	C:\Windows\system32\KERNELBASE.dll
0x000007fefe0e0000 - 0x000007fefe1bb000 	C:\Windows\system32\ADVAPI32.dll
0x000007feffce0000 - 0x000007feffd7f000 	C:\Windows\system32\msvcrt.dll
0x000007feff6f0000 - 0x000007feff70f000 	C:\Windows\SYSTEM32\sechost.dll
0x000007feffd80000 - 0x000007feffead000 	C:\Windows\system32\RPCRT4.dll
0x00000000779b0000 - 0x0000000077aaa000 	C:\Windows\system32\USER32.dll
0x000007fefe3a0000 - 0x000007fefe407000 	C:\Windows\system32\GDI32.dll
0x000007feff610000 - 0x000007feff61e000 	C:\Windows\system32\LPK.dll
0x000007feff290000 - 0x000007feff359000 	C:\Windows\system32\USP10.dll
0x000007fefc350000 - 0x000007fefc544000 	C:\Windows\WinSxS\amd64_microsoft.windows.common-controls_6595b64144ccf1df_6.0.7601.17514_none_fa396087175ac9ac\COMCTL32.dll
0x000007feff620000 - 0x000007feff691000 	C:\Windows\system32\SHLWAPI.dll
0x000007feffeb0000 - 0x000007feffede000 	C:\Windows\system32\IMM32.DLL
0x000007feff790000 - 0x000007feff899000 	C:\Windows\system32\MSCTF.dll
0x0000000074550000 - 0x0000000074622000 	C:\Program Files\Java\jdk1.8.0_121\jre\bin\msvcr100.dll
0x00000000704d0000 - 0x0000000070d6b000 	C:\Program Files\Java\jdk1.8.0_121\jre\bin\server\jvm.dll
0x000007feea630000 - 0x000007feea639000 	C:\Windows\system32\WSOCK32.dll
0x000007feff6a0000 - 0x000007feff6ed000 	C:\Windows\system32\WS2_32.dll
0x000007feff280000 - 0x000007feff288000 	C:\Windows\system32\NSI.dll
0x000007fef9fb0000 - 0x000007fef9feb000 	C:\Windows\system32\WINMM.dll
0x000007fefcce0000 - 0x000007fefccec000 	C:\Windows\system32\VERSION.dll
0x0000000077da0000 - 0x0000000077da7000 	C:\Windows\system32\PSAPI.DLL
0x0000000074770000 - 0x000000007477f000 	C:\Program Files\Java\jdk1.8.0_121\jre\bin\verify.dll
0x0000000070f50000 - 0x0000000070f79000 	C:\Program Files\Java\jdk1.8.0_121\jre\bin\java.dll
0x0000000070f30000 - 0x0000000070f46000 	C:\Program Files\Java\jdk1.8.0_121\jre\bin\zip.dll
0x000007fefe410000 - 0x000007feff198000 	C:\Windows\system32\SHELL32.dll
0x000007feff360000 - 0x000007feff563000 	C:\Windows\system32\ole32.dll
0x000007fefdb20000 - 0x000007fefdb2f000 	C:\Windows\system32\profapi.dll
0x0000000070f10000 - 0x0000000070f2a000 	C:\Program Files\Java\jdk1.8.0_121\jre\bin\net.dll
0x000007fefd390000 - 0x000007fefd3e5000 	C:\Windows\system32\mswsock.dll
0x000007fefd380000 - 0x000007fefd387000 	C:\Windows\System32\wship6.dll
0x0000000070ef0000 - 0x0000000070f01000 	C:\Program Files\Java\jdk1.8.0_121\jre\bin\nio.dll
0x000007feea730000 - 0x000007feea742000 	C:\Users\welcome\.gradle\native\19\windows-amd64\native-platform.dll
0x000007fefd3f0000 - 0x000007fefd407000 	C:\Windows\system32\CRYPTSP.dll
0x000007fefd0b0000 - 0x000007fefd0f7000 	C:\Windows\system32\rsaenh.dll
0x000007fefcf30000 - 0x000007fefcf4e000 	C:\Windows\system32\USERENV.dll
0x000007fefda50000 - 0x000007fefda5f000 	C:\Windows\system32\CRYPTBASE.dll
0x000007fefccb0000 - 0x000007fefccd7000 	C:\Windows\system32\IPHLPAPI.DLL
0x000007fefcca0000 - 0x000007fefccab000 	C:\Windows\system32\WINNSI.DLL
0x000007fefcc30000 - 0x000007fefcc48000 	C:\Windows\system32\dhcpcsvc.DLL
0x000007fefb0b0000 - 0x000007fefb0c1000 	C:\Windows\system32\dhcpcsvc6.DLL
0x0000000074760000 - 0x000000007476d000 	C:\Program Files\Java\jdk1.8.0_121\jre\bin\management.dll
0x000007fefd9f0000 - 0x000007fefda47000 	C:\Windows\system32\apphelp.dll
0x000007fef7a50000 - 0x000007fef7b75000 	C:\Windows\system32\dbghelp.dll

VM Arguments:
jvm_args: -Xmx1536m -Dfile.encoding=windows-1252 -Duser.country=US -Duser.language=en -Duser.variant 
java_command: org.gradle.launcher.daemon.bootstrap.GradleDaemon 2.14.1
java_class_path (initial): C:\Program Files\Android\Android Studio\gradle\gradle-2.14.1\lib\gradle-launcher-2.14.1.jar
Launcher Type: SUN_STANDARD

Environment Variables:
PATH=C:\ProgramData\Oracle\Java\javapath;C:\Windows\system32;C:\Windows;C:\Windows\System32\Wbem;C:\Windows\System32\WindowsPowerShell\v1.0\;C:\Program Files\Git\cmd;C:\Program Files\Java\jdk1.8.0_121\bin
USERNAME=welcome
OS=Windows_NT
PROCESSOR_IDENTIFIER=Intel64 Family 6 Model 58 Stepping 9, GenuineIntel



---------------  S Y S T E M  ---------------

OS: Windows 7 , 64 bit Build 7601 (6.1.7601.17514)

CPU:total 4 (2 cores per cpu, 2 threads per core) family 6 model 58 stepping 9, cmov, cx8, fxsr, mmx, sse, sse2, sse3, ssse3, sse4.1, sse4.2, popcnt, avx, clmul, erms, ht, tsc, tscinvbit, tscinv

Memory: 4k page, physical 4083996k(628800k free), swap 8166148k(3940468k free)

vm_info: Java HotSpot(TM) 64-Bit Server VM (25.121-b13) for windows-amd64 JRE (1.8.0_121-b13), built on Dec 12 2016 18:21:36 by "java_re" with MS VC++ 10.0 (VS2010)

time: Mon Feb 06 23:36:52 2017
elapsed time: 10 seconds (0d 0h 0m 10s)

