#
# A fatal error has been detected by the Java Runtime Environment:
#
#  EXCEPTION_ACCESS_VIOLATION (0xc0000005) at pc=0x0000000070891970, pid=5980, tid=0x0000000000001450
#
# JRE version: Java(TM) SE Runtime Environment (8.0_121-b13) (build 1.8.0_121-b13)
# Java VM: Java HotSpot(TM) 64-Bit Server VM (25.121-b13 mixed mode windows-amd64 compressed oops)
# Problematic frame:
# V  [jvm.dll+0x4a1970]
#
# Failed to write core dump. Minidumps are not enabled by default on client versions of Windows
#
# If you would like to submit a bug report, please visit:
#   http://bugreport.java.com/bugreport/crash.jsp
#

---------------  T H R E A D  ---------------

Current thread (0x000000005667b800):  JavaThread "C2 CompilerThread1" daemon [_thread_in_native, id=5200, stack(0x0000000058180000,0x0000000058280000)]

siginfo: ExceptionCode=0xc0000005, reading address 0xffffffffffffffff

Registers:
RAX=0x0000000000000000, RBX=0x000000005e7d02d0, RCX=0x004b000070c0be10, RDX=0x0000000000000000
RSP=0x000000005827c320, RBP=0x0000000000000004, RSI=0x0000000000000020, RDI=0x000000005827c370
R8 =0x0000000000000400, R9 =0x000000005ef7eae0, R10=0x00000000703f0000, R11=0x000000005827c140
R12=0x0000000070c0be10, R13=0x00000000703f0000, R14=0x00000000579c02a8, R15=0x00000000000003d8
RIP=0x0000000070891970, EFLAGS=0x0000000000010246

Top of Stack: (sp=0x000000005827c320)
0x000000005827c320:   000000005cb1a408 0000000000000000
0x000000005827c330:   fffffffffffffff8 00000000579b9420
0x000000005827c340:   000000000000000a 000000007088ca3f
0x000000005827c350:   000000005e7d02d0 000000005e7d02d0
0x000000005827c360:   000000000000000a 000000005827c450
0x000000005827c370:   0000000500000000 0000000000000001
0x000000005827c380:   004b000070c0be10 0000000000000001
0x000000005827c390:   000000005c84bad0 0000000000000045
0x000000005827c3a0:   000000005e7d0690 000000005827c740
0x000000005827c3b0:   00000000579bfed0 000000005827c740
0x000000005827c3c0:   00000000579bfec0 0000000070858c11
0x000000005827c3d0:   0000000000000000 000000005827c4d0
0x000000005827c3e0:   0000000000000000 0000000000000009
0x000000005827c3f0:   0000000000000002 00000000579bfec0
0x000000005827c400:   000000005ef87ed0 000000005ef88bd0
0x000000005827c410:   000000005ef8feb8 00000000014f20e8 

Instructions: (pc=0x0000000070891970)
0x0000000070891950:   48 8b 4f 20 48 39 04 0e 0f 84 9d 00 00 00 48 8b
0x0000000070891960:   0c 0e 33 d2 33 c0 48 89 4f 10 66 0f 1f 44 00 00
0x0000000070891970:   83 3c 08 00 0f 85 36 01 00 00 ff c2 48 83 c0 04
0x0000000070891980:   83 fa 08 72 eb 48 8b 47 30 48 89 44 24 30 48 85 


Register to memory mapping:

RAX=0x0000000000000000 is an unknown value
RBX=0x000000005e7d02d0 is an unknown value
RCX=0x004b000070c0be10 is an unknown value
RDX=0x0000000000000000 is an unknown value
RSP=0x000000005827c320 is pointing into the stack for thread: 0x000000005667b800
RBP=0x0000000000000004 is an unknown value
RSI=0x0000000000000020 is an unknown value
RDI=0x000000005827c370 is pointing into the stack for thread: 0x000000005667b800
R8 =0x0000000000000400 is an unknown value
R9 =0x000000005ef7eae0 is an unknown value
R10=0x00000000703f0000 is an unknown value
R11=0x000000005827c140 is pointing into the stack for thread: 0x000000005667b800
R12=0x0000000070c0be10 is an unknown value
R13=0x00000000703f0000 is an unknown value
R14=0x00000000579c02a8 is an unknown value
R15=0x00000000000003d8 is an unknown value


Stack: [0x0000000058180000,0x0000000058280000],  sp=0x000000005827c320,  free space=1008k
Native frames: (J=compiled Java code, j=interpreted, Vv=VM code, C=native code)
V  [jvm.dll+0x4a1970]
V  [jvm.dll+0x49ca3f]
V  [jvm.dll+0x468c11]
V  [jvm.dll+0x473f5b]
V  [jvm.dll+0x476867]
V  [jvm.dll+0x4591e2]
V  [jvm.dll+0xa5ca2]
V  [jvm.dll+0xa65df]
V  [jvm.dll+0x244e1f]
V  [jvm.dll+0x29c69a]
C  [msvcr100.dll+0x21d9f]
C  [msvcr100.dll+0x21e3b]
C  [kernel32.dll+0x1652d]
C  [ntdll.dll+0x2c521]


Current CompileTask:
C2:   6316 1850       4       java.net.URLClassLoader$1::run (5 bytes)


---------------  P R O C E S S  ---------------

Java Threads: ( => current thread )
  0x00000000593e4800 JavaThread "Stdin handler" [_thread_blocked, id=1744, stack(0x000000005af40000,0x000000005b040000)]
  0x00000000593e4000 JavaThread "Asynchronous log dispatcher for org.gradle.launcher.daemon.server.DefaultDaemonConnection@322f6fab" [_thread_blocked, id=4892, stack(0x000000005ad60000,0x000000005ae60000)]
  0x00000000595f5800 JavaThread "Daemon worker" [_thread_in_native, id=6016, stack(0x000000005a8e0000,0x000000005a9e0000)]
  0x00000000595de800 JavaThread "Cancel handler" [_thread_blocked, id=3948, stack(0x000000005a780000,0x000000005a880000)]
  0x0000000059360800 JavaThread "Handler for socket connection from /127.0.0.1:50212 to /127.0.0.1:50213" [_thread_in_native, id=5264, stack(0x000000005a540000,0x000000005a640000)]
  0x0000000059357000 JavaThread "Daemon" [_thread_blocked, id=5564, stack(0x0000000057ee0000,0x0000000057fe0000)]
  0x0000000059325000 JavaThread "Incoming local TCP Connector on port 50212" [_thread_in_native, id=6036, stack(0x000000005a1c0000,0x000000005a2c0000)]
  0x0000000059530800 JavaThread "pool-1-thread-1" [_thread_blocked, id=4756, stack(0x000000005a090000,0x000000005a190000)]
  0x0000000057a3e000 JavaThread "Service Thread" daemon [_thread_blocked, id=1616, stack(0x0000000058450000,0x0000000058550000)]
  0x000000005667d000 JavaThread "C1 CompilerThread2" daemon [_thread_blocked, id=3968, stack(0x0000000058300000,0x0000000058400000)]
=>0x000000005667b800 JavaThread "C2 CompilerThread1" daemon [_thread_in_native, id=5200, stack(0x0000000058180000,0x0000000058280000)]
  0x00000000579ba800 JavaThread "C2 CompilerThread0" daemon [_thread_in_native, id=4976, stack(0x0000000058050000,0x0000000058150000)]
  0x00000000579b6800 JavaThread "Attach Listener" daemon [_thread_blocked, id=4656, stack(0x0000000057dc0000,0x0000000057ec0000)]
  0x0000000056678000 JavaThread "Signal Dispatcher" daemon [_thread_blocked, id=5384, stack(0x00000000576d0000,0x00000000577d0000)]
  0x000000005665c800 JavaThread "Finalizer" daemon [_thread_blocked, id=4476, stack(0x00000000578b0000,0x00000000579b0000)]
  0x0000000056615800 JavaThread "Reference Handler" daemon [_thread_blocked, id=5416, stack(0x00000000575c0000,0x00000000576c0000)]
  0x00000000023ad800 JavaThread "main" [_thread_blocked, id=5664, stack(0x00000000025f0000,0x00000000026f0000)]

Other Threads:
  0x000000005660a000 VMThread [stack: 0x0000000057470000,0x0000000057570000] [id=5116]
  0x0000000057a51000 WatcherThread [stack: 0x00000000585b0000,0x00000000586b0000] [id=3488]

VM state:not at safepoint (normal execution)

VM Mutex/Monitor currently owned by a thread: None

Heap:
 PSYoungGen      total 73216K, used 16303K [0x00000000e0000000, 0x00000000e5000000, 0x0000000100000000)
  eden space 65536K, 24% used [0x00000000e0000000,0x00000000e0febf28,0x00000000e4000000)
  from space 7680K, 0% used [0x00000000e4880000,0x00000000e4880000,0x00000000e5000000)
  to   space 8192K, 0% used [0x00000000e4000000,0x00000000e4000000,0x00000000e4800000)
 ParOldGen       total 36864K, used 11164K [0x00000000a0000000, 0x00000000a2400000, 0x00000000e0000000)
  object space 36864K, 30% used [0x00000000a0000000,0x00000000a0ae73b8,0x00000000a2400000)
 Metaspace       used 22252K, capacity 22624K, committed 22912K, reserved 1069056K
  class space    used 3022K, capacity 3154K, committed 3200K, reserved 1048576K

Card table byte_map: [0x0000000011d80000,0x0000000012090000] byte_map_base: 0x0000000011880000

Marking Bits: (ParMarkBitMap*) 0x0000000070c0b6d0
 Begin Bits: [0x0000000012980000, 0x0000000014180000)
 End Bits:   [0x0000000014180000, 0x0000000015980000)

Polling page: 0x0000000000230000

CodeCache: size=245760Kb used=7550Kb max_used=7550Kb free=238209Kb
 bounds [0x00000000029c0000, 0x0000000003130000, 0x00000000119c0000]
 total_blobs=2575 nmethods=1949 adapters=538
 compilation: enabled

Compilation events (10 events):
Event: 5.822 Thread 0x000000005667d000 1953       3       java.util.Hashtable$Enumerator::hasNext (5 bytes)
Event: 5.822 Thread 0x000000005667d000 nmethod 1953 0x0000000003121ed0 code [0x0000000003122040, 0x00000000031221e8]
Event: 5.822 Thread 0x000000005667d000 1954       3       java.util.Hashtable$Enumerator::next (27 bytes)
Event: 5.822 Thread 0x000000005667d000 nmethod 1954 0x0000000003122290 code [0x0000000003122420, 0x00000000031226b8]
Event: 5.831 Thread 0x000000005667d000 1955  s    3       java.io.ByteArrayInputStream::read (101 bytes)
Event: 5.831 Thread 0x000000005667d000 nmethod 1955 0x0000000003122810 code [0x00000000031229c0, 0x0000000003123108]
Event: 5.846 Thread 0x000000005667d000 1956  s    3       java.lang.StringBuffer::append (13 bytes)
Event: 5.847 Thread 0x000000005667d000 nmethod 1956 0x0000000003123310 code [0x0000000003123480, 0x0000000003123788]
Event: 6.113 Thread 0x000000005667d000 1957       3       java.util.concurrent.locks.ReentrantLock$NonfairSync::tryAcquire (6 bytes)
Event: 6.113 Thread 0x000000005667d000 nmethod 1957 0x0000000003123850 code [0x00000000031239c0, 0x0000000003123bc8]

GC Heap History (10 events):
Event: 1.997 GC heap before
{Heap before GC invocations=3 (full 0):
 PSYoungGen      total 18944K, used 18492K [0x00000000e0000000, 0x00000000e2500000, 0x0000000100000000)
  eden space 16384K, 100% used [0x00000000e0000000,0x00000000e1000000,0x00000000e1000000)
  from space 2560K, 82% used [0x00000000e1280000,0x00000000e148f2b0,0x00000000e1500000)
  to   space 2560K, 0% used [0x00000000e1000000,0x00000000e1000000,0x00000000e1280000)
 ParOldGen       total 44032K, used 520K [0x00000000a0000000, 0x00000000a2b00000, 0x00000000e0000000)
  object space 44032K, 1% used [0x00000000a0000000,0x00000000a0082210,0x00000000a2b00000)
 Metaspace       used 11355K, capacity 11762K, committed 11904K, reserved 1058816K
  class space    used 1489K, capacity 1595K, committed 1664K, reserved 1048576K
Event: 2.003 GC heap after
Heap after GC invocations=3 (full 0):
 PSYoungGen      total 18944K, used 2560K [0x00000000e0000000, 0x00000000e2500000, 0x0000000100000000)
  eden space 16384K, 0% used [0x00000000e0000000,0x00000000e0000000,0x00000000e1000000)
  from space 2560K, 100% used [0x00000000e1000000,0x00000000e1280000,0x00000000e1280000)
  to   space 2560K, 0% used [0x00000000e2280000,0x00000000e2280000,0x00000000e2500000)
 ParOldGen       total 44032K, used 2170K [0x00000000a0000000, 0x00000000a2b00000, 0x00000000e0000000)
  object space 44032K, 4% used [0x00000000a0000000,0x00000000a021eb10,0x00000000a2b00000)
 Metaspace       used 11355K, capacity 11762K, committed 11904K, reserved 1058816K
  class space    used 1489K, capacity 1595K, committed 1664K, reserved 1048576K
}
Event: 2.368 GC heap before
{Heap before GC invocations=4 (full 0):
 PSYoungGen      total 18944K, used 18944K [0x00000000e0000000, 0x00000000e2500000, 0x0000000100000000)
  eden space 16384K, 100% used [0x00000000e0000000,0x00000000e1000000,0x00000000e1000000)
  from space 2560K, 100% used [0x00000000e1000000,0x00000000e1280000,0x00000000e1280000)
  to   space 2560K, 0% used [0x00000000e2280000,0x00000000e2280000,0x00000000e2500000)
 ParOldGen       total 44032K, used 2170K [0x00000000a0000000, 0x00000000a2b00000, 0x00000000e0000000)
  object space 44032K, 4% used [0x00000000a0000000,0x00000000a021eb10,0x00000000a2b00000)
 Metaspace       used 13049K, capacity 13406K, committed 13696K, reserved 1060864K
  class space    used 1783K, capacity 1885K, committed 1920K, reserved 1048576K
Event: 2.377 GC heap after
Heap after GC invocations=4 (full 0):
 PSYoungGen      total 35328K, used 2528K [0x00000000e0000000, 0x00000000e2500000, 0x0000000100000000)
  eden space 32768K, 0% used [0x00000000e0000000,0x00000000e0000000,0x00000000e2000000)
  from space 2560K, 98% used [0x00000000e2280000,0x00000000e24f8040,0x00000000e2500000)
  to   space 2560K, 0% used [0x00000000e2000000,0x00000000e2000000,0x00000000e2280000)
 ParOldGen       total 44032K, used 4112K [0x00000000a0000000, 0x00000000a2b00000, 0x00000000e0000000)
  object space 44032K, 9% used [0x00000000a0000000,0x00000000a0404328,0x00000000a2b00000)
 Metaspace       used 13049K, capacity 13406K, committed 13696K, reserved 1060864K
  class space    used 1783K, capacity 1885K, committed 1920K, reserved 1048576K
}
Event: 3.673 GC heap before
{Heap before GC invocations=5 (full 0):
 PSYoungGen      total 35328K, used 35296K [0x00000000e0000000, 0x00000000e2500000, 0x0000000100000000)
  eden space 32768K, 100% used [0x00000000e0000000,0x00000000e2000000,0x00000000e2000000)
  from space 2560K, 98% used [0x00000000e2280000,0x00000000e24f8040,0x00000000e2500000)
  to   space 2560K, 0% used [0x00000000e2000000,0x00000000e2000000,0x00000000e2280000)
 ParOldGen       total 44032K, used 4112K [0x00000000a0000000, 0x00000000a2b00000, 0x00000000e0000000)
  object space 44032K, 9% used [0x00000000a0000000,0x00000000a0404328,0x00000000a2b00000)
 Metaspace       used 18919K, capacity 19292K, committed 19712K, reserved 1067008K
  class space    used 2573K, capacity 2691K, committed 2816K, reserved 1048576K
Event: 4.340 GC heap after
Heap after GC invocations=5 (full 0):
 PSYoungGen      total 35328K, used 2528K [0x00000000e0000000, 0x00000000e5100000, 0x0000000100000000)
  eden space 32768K, 0% used [0x00000000e0000000,0x00000000e0000000,0x00000000e2000000)
  from space 2560K, 98% used [0x00000000e2000000,0x00000000e2278020,0x00000000e2280000)
  to   space 8704K, 0% used [0x00000000e4880000,0x00000000e4880000,0x00000000e5100000)
 ParOldGen       total 44032K, used 10128K [0x00000000a0000000, 0x00000000a2b00000, 0x00000000e0000000)
  object space 44032K, 23% used [0x00000000a0000000,0x00000000a09e43b0,0x00000000a2b00000)
 Metaspace       used 18919K, capacity 19292K, committed 19712K, reserved 1067008K
  class space    used 2573K, capacity 2691K, committed 2816K, reserved 1048576K
}
Event: 4.892 GC heap before
{Heap before GC invocations=6 (full 0):
 PSYoungGen      total 35328K, used 22101K [0x00000000e0000000, 0x00000000e5100000, 0x0000000100000000)
  eden space 32768K, 59% used [0x00000000e0000000,0x00000000e131d4a0,0x00000000e2000000)
  from space 2560K, 98% used [0x00000000e2000000,0x00000000e2278020,0x00000000e2280000)
  to   space 8704K, 0% used [0x00000000e4880000,0x00000000e4880000,0x00000000e5100000)
 ParOldGen       total 44032K, used 10128K [0x00000000a0000000, 0x00000000a2b00000, 0x00000000e0000000)
  object space 44032K, 23% used [0x00000000a0000000,0x00000000a09e43b0,0x00000000a2b00000)
 Metaspace       used 20786K, capacity 21158K, committed 21296K, reserved 1067008K
  class space    used 2771K, capacity 2924K, committed 2944K, reserved 1048576K
Event: 5.134 GC heap after
Heap after GC invocations=6 (full 0):
 PSYoungGen      total 73216K, used 4787K [0x00000000e0000000, 0x00000000e5000000, 0x0000000100000000)
  eden space 65536K, 0% used [0x00000000e0000000,0x00000000e0000000,0x00000000e4000000)
  from space 7680K, 62% used [0x00000000e4880000,0x00000000e4d2cf58,0x00000000e5000000)
  to   space 8192K, 0% used [0x00000000e4000000,0x00000000e4000000,0x00000000e4800000)
 ParOldGen       total 44032K, used 10128K [0x00000000a0000000, 0x00000000a2b00000, 0x00000000e0000000)
  object space 44032K, 23% used [0x00000000a0000000,0x00000000a09e43b0,0x00000000a2b00000)
 Metaspace       used 20786K, capacity 21158K, committed 21296K, reserved 1067008K
  class space    used 2771K, capacity 2924K, committed 2944K, reserved 1048576K
}
Event: 5.134 GC heap before
{Heap before GC invocations=7 (full 1):
 PSYoungGen      total 73216K, used 4787K [0x00000000e0000000, 0x00000000e5000000, 0x0000000100000000)
  eden space 65536K, 0% used [0x00000000e0000000,0x00000000e0000000,0x00000000e4000000)
  from space 7680K, 62% used [0x00000000e4880000,0x00000000e4d2cf58,0x00000000e5000000)
  to   space 8192K, 0% used [0x00000000e4000000,0x00000000e4000000,0x00000000e4800000)
 ParOldGen       total 44032K, used 10128K [0x00000000a0000000, 0x00000000a2b00000, 0x00000000e0000000)
  object space 44032K, 23% used [0x00000000a0000000,0x00000000a09e43b0,0x00000000a2b00000)
 Metaspace       used 20786K, capacity 21158K, committed 21296K, reserved 1067008K
  class space    used 2771K, capacity 2924K, committed 2944K, reserved 1048576K
Event: 5.395 GC heap after
Heap after GC invocations=7 (full 1):
 PSYoungGen      total 73216K, used 0K [0x00000000e0000000, 0x00000000e5000000, 0x0000000100000000)
  eden space 65536K, 0% used [0x00000000e0000000,0x00000000e0000000,0x00000000e4000000)
  from space 7680K, 0% used [0x00000000e4880000,0x00000000e4880000,0x00000000e5000000)
  to   space 8192K, 0% used [0x00000000e4000000,0x00000000e4000000,0x00000000e4800000)
 ParOldGen       total 36864K, used 11164K [0x00000000a0000000, 0x00000000a2400000, 0x00000000e0000000)
  object space 36864K, 30% used [0x00000000a0000000,0x00000000a0ae73b8,0x00000000a2400000)
 Metaspace       used 20786K, capacity 21158K, committed 21296K, reserved 1067008K
  class space    used 2771K, capacity 2924K, committed 2944K, reserved 1048576K
}

Deoptimization events (10 events):
Event: 4.749 Thread 0x00000000595f5800 Uncommon trap: reason=unstable_if action=reinterpret pc=0x0000000002e58f8c method=java.util.HashMap.hash(Ljava/lang/Object;)I @ 1
Event: 5.410 Thread 0x00000000595f5800 Uncommon trap: reason=unstable_if action=reinterpret pc=0x0000000002e418ac method=java.util.HashMap.getNode(ILjava/lang/Object;)Ljava/util/HashMap$Node; @ 53
Event: 5.410 Thread 0x00000000595f5800 Uncommon trap: reason=unstable_if action=reinterpret pc=0x0000000002e1f7ec method=java.util.HashMap.hash(Ljava/lang/Object;)I @ 1
Event: 5.410 Thread 0x00000000595f5800 Uncommon trap: reason=unstable_if action=reinterpret pc=0x0000000002e1e9c8 method=java.util.HashMap.putVal(ILjava/lang/Object;Ljava/lang/Object;ZZ)Ljava/lang/Object; @ 85
Event: 5.460 Thread 0x00000000595f5800 Uncommon trap: reason=class_check action=maybe_recompile pc=0x0000000002e9d3f0 method=java.lang.reflect.Method.equals(Ljava/lang/Object;)Z @ 5
Event: 5.478 Thread 0x00000000595f5800 Uncommon trap: reason=class_check action=maybe_recompile pc=0x0000000002e9d3f0 method=java.lang.reflect.Method.equals(Ljava/lang/Object;)Z @ 5
Event: 5.638 Thread 0x00000000595f5800 Uncommon trap: reason=unstable_if action=reinterpret pc=0x0000000002cbbfa0 method=java.util.LinkedHashMap.afterNodeInsertion(Z)V @ 1
Event: 5.670 Thread 0x00000000595f5800 Uncommon trap: reason=class_check action=maybe_recompile pc=0x0000000002e9d3f0 method=java.lang.reflect.Method.equals(Ljava/lang/Object;)Z @ 5
Event: 5.670 Thread 0x00000000595f5800 Uncommon trap: reason=class_check action=maybe_recompile pc=0x0000000002e9d3f0 method=java.lang.reflect.Method.equals(Ljava/lang/Object;)Z @ 5
Event: 5.710 Thread 0x00000000595f5800 Uncommon trap: reason=unstable_if action=reinterpret pc=0x0000000002e4ce4c method=java.lang.ref.ReferenceQueue.poll()Ljava/lang/ref/Reference; @ 4

Internal exceptions (10 events):
Event: 5.706 Thread 0x00000000595f5800 Exception <a 'java/lang/ClassNotFoundException': org/gradle/api/internal/project/DefaultProject_DecoratedBeanInfo> (0x00000000e0872f30) thrown at [C:\re\workspace\8-2-build-windows-amd64-cygwin\jdk8u121\8372\hotspot\src\share\vm\classfile\systemDictionary
Event: 5.706 Thread 0x00000000595f5800 Exception <a 'java/lang/ClassNotFoundException': org/gradle/api/internal/project/DefaultProjectBeanInfo> (0x00000000e0882200) thrown at [C:\re\workspace\8-2-build-windows-amd64-cygwin\jdk8u121\8372\hotspot\src\share\vm\classfile\systemDictionary.cpp, line
Event: 5.707 Thread 0x00000000595f5800 Exception <a 'java/lang/ClassNotFoundException': org/gradle/api/internal/project/AbstractProjectBeanInfo> (0x00000000e0891830) thrown at [C:\re\workspace\8-2-build-windows-amd64-cygwin\jdk8u121\8372\hotspot\src\share\vm\classfile\systemDictionary.cpp, lin
Event: 5.707 Thread 0x00000000595f5800 Exception <a 'java/lang/ClassNotFoundException': org/gradle/api/internal/project/AbstractProjectCustomizer> (0x00000000e08a1220) thrown at [C:\re\workspace\8-2-build-windows-amd64-cygwin\jdk8u121\8372\hotspot\src\share\vm\classfile\systemDictionary.cpp, l
Event: 5.717 Thread 0x00000000595f5800 Exception <a 'java/lang/ClassNotFoundException': org/gradle/api/internal/project/DefaultProjectCustomizer> (0x00000000e0957358) thrown at [C:\re\workspace\8-2-build-windows-amd64-cygwin\jdk8u121\8372\hotspot\src\share\vm\classfile\systemDictionary.cpp, li
Event: 5.718 Thread 0x00000000595f5800 Exception <a 'java/lang/ClassNotFoundException': org/gradle/api/internal/project/DefaultProject_DecoratedCustomizer> (0x00000000e097cbf0) thrown at [C:\re\workspace\8-2-build-windows-amd64-cygwin\jdk8u121\8372\hotspot\src\share\vm\classfile\systemDictiona
Event: 5.752 Thread 0x00000000595f5800 Exception <a 'java/lang/ClassNotFoundException': org/gradle/internal/metaobject/ConfigureDelegateBeanInfo> (0x00000000e0a65ab0) thrown at [C:\re\workspace\8-2-build-windows-amd64-cygwin\jdk8u121\8372\hotspot\src\share\vm\classfile\systemDictionary.cpp, li
Event: 5.752 Thread 0x00000000595f5800 Exception <a 'java/lang/ClassNotFoundException': org/gradle/internal/metaobject/ConfigureDelegateCustomizer> (0x00000000e0a75468) thrown at [C:\re\workspace\8-2-build-windows-amd64-cygwin\jdk8u121\8372\hotspot\src\share\vm\classfile\systemDictionary.cpp, 
Event: 5.757 Thread 0x00000000595f5800 Exception <a 'java/lang/ClassNotFoundException': org/gradle/api/internal/initialization/DefaultScriptHandlerBeanInfo> (0x00000000e0ab64b8) thrown at [C:\re\workspace\8-2-build-windows-amd64-cygwin\jdk8u121\8372\hotspot\src\share\vm\classfile\systemDiction
Event: 5.758 Thread 0x00000000595f5800 Exception <a 'java/lang/ClassNotFoundException': org/gradle/api/internal/initialization/DefaultScriptHandlerCustomizer> (0x00000000e0ac8ee8) thrown at [C:\re\workspace\8-2-build-windows-amd64-cygwin\jdk8u121\8372\hotspot\src\share\vm\classfile\systemDicti

Events (10 events):
Event: 5.853 loading class org/codehaus/plexus/interpolation/os/OperatingSystemUtils
Event: 5.853 loading class org/codehaus/plexus/interpolation/os/OperatingSystemUtils done
Event: 5.854 loading class org/codehaus/plexus/interpolation/os/Os
Event: 5.854 loading class org/codehaus/plexus/interpolation/os/Os done
Event: 5.855 loading class java/lang/ProcessBuilder
Event: 5.856 loading class java/lang/ProcessBuilder done
Event: 5.856 loading class java/lang/ProcessImpl
Event: 5.856 loading class java/lang/ProcessImpl done
Event: 5.862 loading class java/lang/ProcessImpl$2
Event: 5.863 loading class java/lang/ProcessImpl$2 done


Dynamic libraries:
0x000000013fdf0000 - 0x000000013fe27000 	C:\Program Files\Java\jdk1.8.0_121\bin\java.exe
0x0000000077bd0000 - 0x0000000077d79000 	C:\Windows\SYSTEM32\ntdll.dll
0x0000000077ab0000 - 0x0000000077bcf000 	C:\Windows\system32\kernel32.dll
0x000007fefdda0000 - 0x000007fefde0b000 	C:\Windows\system32\KERNELBASE.dll
0x000007fefe0e0000 - 0x000007fefe1bb000 	C:\Windows\system32\ADVAPI32.dll
0x000007feffce0000 - 0x000007feffd7f000 	C:\Windows\system32\msvcrt.dll
0x000007feff6f0000 - 0x000007feff70f000 	C:\Windows\SYSTEM32\sechost.dll
0x000007feffd80000 - 0x000007feffead000 	C:\Windows\system32\RPCRT4.dll
0x00000000779b0000 - 0x0000000077aaa000 	C:\Windows\system32\USER32.dll
0x000007fefe3a0000 - 0x000007fefe407000 	C:\Windows\system32\GDI32.dll
0x000007feff610000 - 0x000007feff61e000 	C:\Windows\system32\LPK.dll
0x000007feff290000 - 0x000007feff359000 	C:\Windows\system32\USP10.dll
0x000007fefc350000 - 0x000007fefc544000 	C:\Windows\WinSxS\amd64_microsoft.windows.common-controls_6595b64144ccf1df_6.0.7601.17514_none_fa396087175ac9ac\COMCTL32.dll
0x000007feff620000 - 0x000007feff691000 	C:\Windows\system32\SHLWAPI.dll
0x000007feffeb0000 - 0x000007feffede000 	C:\Windows\system32\IMM32.DLL
0x000007feff790000 - 0x000007feff899000 	C:\Windows\system32\MSCTF.dll
0x0000000070c90000 - 0x0000000070d62000 	C:\Program Files\Java\jdk1.8.0_121\jre\bin\msvcr100.dll
0x00000000703f0000 - 0x0000000070c8b000 	C:\Program Files\Java\jdk1.8.0_121\jre\bin\server\jvm.dll
0x000007feea630000 - 0x000007feea639000 	C:\Windows\system32\WSOCK32.dll
0x000007feff6a0000 - 0x000007feff6ed000 	C:\Windows\system32\WS2_32.dll
0x000007feff280000 - 0x000007feff288000 	C:\Windows\system32\NSI.dll
0x000007fef9fb0000 - 0x000007fef9feb000 	C:\Windows\system32\WINMM.dll
0x000007fefcce0000 - 0x000007fefccec000 	C:\Windows\system32\VERSION.dll
0x0000000077da0000 - 0x0000000077da7000 	C:\Windows\system32\PSAPI.DLL
0x0000000074760000 - 0x000000007476f000 	C:\Program Files\Java\jdk1.8.0_121\jre\bin\verify.dll
0x0000000074600000 - 0x0000000074629000 	C:\Program Files\Java\jdk1.8.0_121\jre\bin\java.dll
0x00000000745e0000 - 0x00000000745f6000 	C:\Program Files\Java\jdk1.8.0_121\jre\bin\zip.dll
0x000007fefe410000 - 0x000007feff198000 	C:\Windows\system32\SHELL32.dll
0x000007feff360000 - 0x000007feff563000 	C:\Windows\system32\ole32.dll
0x000007fefdb20000 - 0x000007fefdb2f000 	C:\Windows\system32\profapi.dll
0x00000000745c0000 - 0x00000000745da000 	C:\Program Files\Java\jdk1.8.0_121\jre\bin\net.dll
0x000007fefd390000 - 0x000007fefd3e5000 	C:\Windows\system32\mswsock.dll
0x000007fefd380000 - 0x000007fefd387000 	C:\Windows\System32\wship6.dll
0x00000000745a0000 - 0x00000000745b1000 	C:\Program Files\Java\jdk1.8.0_121\jre\bin\nio.dll
0x000007feea730000 - 0x000007feea742000 	C:\Users\welcome\.gradle\native\19\windows-amd64\native-platform.dll
0x000007fefd3f0000 - 0x000007fefd407000 	C:\Windows\system32\CRYPTSP.dll
0x000007fefd0b0000 - 0x000007fefd0f7000 	C:\Windows\system32\rsaenh.dll
0x000007fefcf30000 - 0x000007fefcf4e000 	C:\Windows\system32\USERENV.dll
0x000007fefda50000 - 0x000007fefda5f000 	C:\Windows\system32\CRYPTBASE.dll
0x000007fefccb0000 - 0x000007fefccd7000 	C:\Windows\system32\IPHLPAPI.DLL
0x000007fefcca0000 - 0x000007fefccab000 	C:\Windows\system32\WINNSI.DLL
0x000007fefcc30000 - 0x000007fefcc48000 	C:\Windows\system32\dhcpcsvc.DLL
0x000007fefb0b0000 - 0x000007fefb0c1000 	C:\Windows\system32\dhcpcsvc6.DLL
0x0000000074770000 - 0x000000007477d000 	C:\Program Files\Java\jdk1.8.0_121\jre\bin\management.dll
0x000007fefd9f0000 - 0x000007fefda47000 	C:\Windows\system32\apphelp.dll
0x000007fef7a50000 - 0x000007fef7b75000 	C:\Windows\system32\dbghelp.dll

VM Arguments:
jvm_args: -Xmx1536m -Dfile.encoding=windows-1252 -Duser.country=US -Duser.language=en -Duser.variant 
java_command: org.gradle.launcher.daemon.bootstrap.GradleDaemon 2.14.1
java_class_path (initial): C:\Program Files\Android\Android Studio\gradle\gradle-2.14.1\lib\gradle-launcher-2.14.1.jar
Launcher Type: SUN_STANDARD

Environment Variables:
PATH=C:\ProgramData\Oracle\Java\javapath;C:\Windows\system32;C:\Windows;C:\Windows\System32\Wbem;C:\Windows\System32\WindowsPowerShell\v1.0\;C:\Program Files\Git\cmd;C:\Program Files\Java\jdk1.8.0_121\bin
USERNAME=welcome
OS=Windows_NT
PROCESSOR_IDENTIFIER=Intel64 Family 6 Model 58 Stepping 9, GenuineIntel



---------------  S Y S T E M  ---------------

OS: Windows 7 , 64 bit Build 7601 (6.1.7601.17514)

CPU:total 4 (2 cores per cpu, 2 threads per core) family 6 model 58 stepping 9, cmov, cx8, fxsr, mmx, sse, sse2, sse3, ssse3, sse4.1, sse4.2, popcnt, avx, clmul, erms, ht, tsc, tscinvbit, tscinv

Memory: 4k page, physical 4083996k(696224k free), swap 8166148k(3988632k free)

vm_info: Java HotSpot(TM) 64-Bit Server VM (25.121-b13) for windows-amd64 JRE (1.8.0_121-b13), built on Dec 12 2016 18:21:36 by "java_re" with MS VC++ 10.0 (VS2010)

time: Mon Feb 06 23:36:10 2017
elapsed time: 6 seconds (0d 0h 0m 6s)

